<?xml version="1.0" encoding="UTF-8"?>
<testsuite xmlns:xsi="http://www.w3.org/2001/XMLSchema-instance" xsi:noNamespaceSchemaLocation="https://maven.apache.org/surefire/maven-surefire-plugin/xsd/surefire-test-report.xsd" version="3.0.2" name="com.befapress.controller.MobileEndpointsTest" time="68.95" tests="8" errors="0" skipped="0" failures="0">
  <properties>
[...]
</properties>
  <testcase name="getPreferences_ShouldReturnDefaults_WhenNotSet" classname="com.befapress.controller.MobileEndpointsTest" time="4.973">
    <system-out><![CDATA[17:01:10.966 [main] INFO org.springframework.test.context.support.AnnotationConfigContextLoaderUtils -- Could not detect default configuration classes for test class [com.befapress.controller.MobileEndpointsTest]: MobileEndpointsTest does not declare any static, non-private, non-final, nested classes annotated with @Configuration.
17:01:13.015 [main] INFO org.springframework.boot.test.context.SpringBootTestContextBootstrapper -- Found @SpringBootConfiguration com.befapress.BefaPressApplication for test class com.befapress.controller.MobileEndpointsTest
17:01:14.803 [main] INFO org.springframework.boot.devtools.restart.RestartApplicationListener -- Restart disabled due to context in which it is running

  .   ____          _            __ _ _
 /\\ / ___'_ __ _ _(_)_ __  __ _ \ \ \ \
( ( )\___ | '_ | '_| | '_ \/ _` | \ \ \ \
 \\/  ___)| |_)| | | | | || (_| |  ) ) ) )
  '  |____| .__|_| |_|_| |_\__, | / / / /
 =========|_|==============|___/=/_/_/_/

 :: Spring Boot ::                (v3.4.1)

2026-02-01T17:01:15.665+03:00  INFO 19772 --- [befa-press] [           main] c.b.controller.MobileEndpointsTest       : Starting MobileEndpointsTest using Java 17.0.12 with PID 19772 (started by Ermiyas in C:\Users\Ermiyas\Desktop\BEFA Press\backend)
2026-02-01T17:01:15.667+03:00 DEBUG 19772 --- [befa-press] [           main] c.b.controller.MobileEndpointsTest       : Running with Spring Boot v3.4.1, Spring v6.2.1
2026-02-01T17:01:15.669+03:00  INFO 19772 --- [befa-press] [           main] c.b.controller.MobileEndpointsTest       : The following 1 profile is active: "test"
2026-02-01T17:01:26.700+03:00  WARN 19772 --- [befa-press] [           main] org.hibernate.orm.deprecation            : HHH90000025: MySQLDialect does not need to be specified explicitly using 'hibernate.dialect' (remove the property setting and it will be selected by default)
2026-02-01T17:01:33.403+03:00 DEBUG 19772 --- [befa-press] [           main] org.hibernate.SQL                        : 
    alter table social_platform_config 
       modify column platform enum ('FACEBOOK','LINKEDIN','TELEGRAM','TWITTER','WHATSAPP') not null
2026-02-01T17:01:33.460+03:00 DEBUG 19772 --- [befa-press] [           main] org.hibernate.SQL                        : 
    alter table social_share_queue 
       modify column entity_type enum ('NEWS','OPINION') not null
2026-02-01T17:01:33.481+03:00 DEBUG 19772 --- [befa-press] [           main] org.hibernate.SQL                        : 
    alter table social_share_queue 
       modify column platform enum ('FACEBOOK','LINKEDIN','TELEGRAM','TWITTER','WHATSAPP') not null
2026-02-01T17:01:33.497+03:00 DEBUG 19772 --- [befa-press] [           main] org.hibernate.SQL                        : 
    alter table social_share_queue 
       modify column status enum ('CANCELLED','FAILED','PENDING','PROCESSING','SUCCESS') not null
2026-02-01T17:01:46.782+03:00 DEBUG 19772 --- [befa-press] [           main] org.hibernate.SQL                        : 
    select
        mr1_0.id,
        mr1_0.category,
        mr1_0.created_at,
        mr1_0.language,
        mr1_0.pattern 
    from
        moderation_rules mr1_0
2026-02-01T17:01:46.851+03:00  INFO 19772 --- [befa-press] [           main] c.b.service.ContentModerationService     : ContentModerationService initialized/refreshed with 6 Amharic and 6 English categories
2026-02-01T17:01:51.350+03:00  INFO 19772 --- [befa-press] [           main] eAuthenticationProviderManagerConfigurer : Global AuthenticationManager configured with AuthenticationProvider bean with name authenticationProvider
2026-02-01T17:01:51.351+03:00  WARN 19772 --- [befa-press] [           main] r$InitializeUserDetailsManagerConfigurer : Global AuthenticationManager configured with an AuthenticationProvider bean. UserDetailsService beans will not be used by Spring Security for automatically configuring username/password login. Consider removing the AuthenticationProvider bean. Alternatively, consider using the UserDetailsService in a manually instantiated DaoAuthenticationProvider. If the current configuration is intentional, to turn off this warning, increase the logging level of 'org.springframework.security.config.annotation.authentication.configuration.InitializeUserDetailsBeanManagerConfigurer' to ERROR
2026-02-01T17:01:56.147+03:00  WARN 19772 --- [befa-press] [           main] JpaBaseConfiguration$JpaWebConfiguration : spring.jpa.open-in-view is enabled by default. Therefore, database queries may be performed during view rendering. Explicitly configure spring.jpa.open-in-view to disable this warning
2026-02-01T17:01:59.479+03:00 DEBUG 19772 --- [befa-press] [           main] o.s.s.web.DefaultSecurityFilterChain     : Will secure any request with filters: DisableEncodeUrlFilter, WebAsyncManagerIntegrationFilter, SecurityContextHolderFilter, HeaderWriterFilter, CorsFilter, LogoutFilter, JwtAuthenticationFilter, RequestCacheAwareFilter, SecurityContextHolderAwareRequestFilter, AnonymousAuthenticationFilter, SessionManagementFilter, ExceptionTranslationFilter, AuthorizationFilter
2026-02-01T17:02:04.981+03:00 DEBUG 19772 --- [befa-press] [           main] c.b.security.JwtAuthenticationFilter     : Filter 'jwtAuthenticationFilter' configured for use
2026-02-01T17:02:05.239+03:00  INFO 19772 --- [befa-press] [           main] c.b.controller.MobileEndpointsTest       : Started MobileEndpointsTest in 50.474 seconds (process running for 57.393)
2026-02-01T17:02:05.461+03:00 DEBUG 19772 --- [befa-press] [MessageBroker-2] org.hibernate.SQL                        : 
    select
        ssq1_0.id,
        ssq1_0.attempts,
        ssq1_0.created_at,
        ssq1_0.entity_id,
        ssq1_0.entity_type,
        ssq1_0.external_post_id,
        ssq1_0.last_error,
        ssq1_0.platform,
        ssq1_0.scheduled_at,
        ssq1_0.shared_at,
        ssq1_0.status 
    from
        social_share_queue ssq1_0 
    where
        ssq1_0.status='FAILED' 
        and ssq1_0.attempts<?
2026-02-01T17:02:05.494+03:00  INFO 19772 --- [befa-press] [           main] com.befapress.config.DataSeeder          : Attempting to modify ip_address column length...
2026-02-01T17:02:05.529+03:00  INFO 19772 --- [befa-press] [           main] com.befapress.config.DataSeeder          : SUCCESS: Schema update executed for ip_address column.
2026-02-01T17:02:05.682+03:00 DEBUG 19772 --- [befa-press] [           main] org.hibernate.SQL                        : 
    select
        r1_0.role_id 
    from
        roles r1_0 
    where
        r1_0.name=? 
    limit
        ?
2026-02-01T17:02:05.691+03:00 DEBUG 19772 --- [befa-press] [           main] org.hibernate.SQL                        : 
    select
        r1_0.role_id 
    from
        roles r1_0 
    where
        r1_0.name=? 
    limit
        ?
2026-02-01T17:02:05.696+03:00 DEBUG 19772 --- [befa-press] [           main] org.hibernate.SQL                        : 
    select
        r1_0.role_id 
    from
        roles r1_0 
    where
        r1_0.name=? 
    limit
        ?
2026-02-01T17:02:05.699+03:00 DEBUG 19772 --- [befa-press] [           main] org.hibernate.SQL                        : 
    select
        r1_0.role_id 
    from
        roles r1_0 
    where
        r1_0.name=? 
    limit
        ?
2026-02-01T17:02:05.702+03:00 DEBUG 19772 --- [befa-press] [           main] org.hibernate.SQL                        : 
    select
        r1_0.role_id 
    from
        roles r1_0 
    where
        r1_0.name=? 
    limit
        ?
2026-02-01T17:02:05.706+03:00 DEBUG 19772 --- [befa-press] [           main] org.hibernate.SQL                        : 
    select
        r1_0.role_id 
    from
        roles r1_0 
    where
        r1_0.name=? 
    limit
        ?
2026-02-01T17:02:05.709+03:00 DEBUG 19772 --- [befa-press] [           main] org.hibernate.SQL                        : 
    select
        r1_0.role_id 
    from
        roles r1_0 
    where
        r1_0.name=? 
    limit
        ?
2026-02-01T17:02:05.713+03:00 DEBUG 19772 --- [befa-press] [           main] org.hibernate.SQL                        : 
    select
        r1_0.role_id 
    from
        roles r1_0 
    where
        r1_0.name=? 
    limit
        ?
2026-02-01T17:02:05.719+03:00 DEBUG 19772 --- [befa-press] [           main] org.hibernate.SQL                        : 
    select
        r1_0.role_id,
        r1_0.created_at,
        r1_0.description,
        r1_0.name 
    from
        roles r1_0 
    where
        r1_0.name=?
2026-02-01T17:02:05.722+03:00 DEBUG 19772 --- [befa-press] [MessageBroker-3] org.hibernate.SQL                        : 
    select
        count(distinct ph1_0.session_id) 
    from
        page_hits ph1_0 
    where
        ph1_0.created_at>=?
2026-02-01T17:02:05.729+03:00 DEBUG 19772 --- [befa-press] [           main] org.hibernate.SQL                        : 
    select
        u1_0.user_id,
        u1_0.affiliation,
        u1_0.bio,
        u1_0.created_at,
        u1_0.created_by,
        u1_0.deleted_at,
        u1_0.department_id,
        u1_0.email,
        u1_0.expertise_field,
        u1_0.face_descriptor,
        u1_0.face_image,
        u1_0.failed_login_attempts,
        u1_0.full_name,
        u1_0.is_email_verified,
        u1_0.is_verified,
        u1_0.last_login,
        u1_0.locked_at,
        u1_0.otp_method,
        u1_0.password_hash,
        u1_0.phone_number,
        u1_0.profile_pic,
        u1_0.role_id,
        u1_0.status,
        u1_0.updated_at 
    from
        users u1_0 
    where
        u1_0.email=?
2026-02-01T17:02:05.785+03:00 DEBUG 19772 --- [befa-press] [MessageBroker-3] org.hibernate.SQL                        : 
    select
        count(ph1_0.hit_id) 
    from
        page_hits ph1_0 
    where
        ph1_0.created_at between ? and ?
2026-02-01T17:02:05.792+03:00 DEBUG 19772 --- [befa-press] [MessageBroker-3] org.hibernate.SQL                        : 
    select
        ph1_0.device,
        count(ph1_0.hit_id) 
    from
        page_hits ph1_0 
    where
        ph1_0.created_at>=? 
    group by
        ph1_0.device
2026-02-01T17:02:06.622+03:00 DEBUG 19772 --- [befa-press] [MessageBroker-3] c.b.service.LiveAnalyticsService         : Broadcasted live analytics: 0 active users
2026-02-01T17:02:07.058+03:00 DEBUG 19772 --- [befa-press] [           main] org.hibernate.SQL                        : 
    select
        u1_0.user_id,
        u1_0.affiliation,
        u1_0.bio,
        u1_0.created_at,
        u1_0.created_by,
        u1_0.deleted_at,
        u1_0.department_id,
        u1_0.email,
        u1_0.expertise_field,
        u1_0.face_descriptor,
        u1_0.face_image,
        u1_0.failed_login_attempts,
        u1_0.full_name,
        u1_0.is_email_verified,
        u1_0.is_verified,
        u1_0.last_login,
        u1_0.locked_at,
        u1_0.otp_method,
        u1_0.password_hash,
        u1_0.phone_number,
        u1_0.profile_pic,
        u1_0.role_id,
        u1_0.status,
        u1_0.updated_at 
    from
        users u1_0 
    where
        u1_0.user_id=?
2026-02-01T17:02:07.144+03:00 DEBUG 19772 --- [befa-press] [           main] org.hibernate.SQL                        : 
    update
        users 
    set
        affiliation=?,
        bio=?,
        created_by=?,
        deleted_at=?,
        department_id=?,
        email=?,
        expertise_field=?,
        face_descriptor=?,
        face_image=?,
        failed_login_attempts=?,
        full_name=?,
        is_email_verified=?,
        is_verified=?,
        last_login=?,
        locked_at=?,
        otp_method=?,
        password_hash=?,
        phone_number=?,
        profile_pic=?,
        role_id=?,
        status=?,
        updated_at=? 
    where
        user_id=?
2026-02-01T17:02:07.472+03:00  INFO 19772 --- [befa-press] [           main] com.befapress.config.DataSeeder          : Updated super admin credentials: admin@befapress.com
2026-02-01T17:02:07.475+03:00 DEBUG 19772 --- [befa-press] [           main] org.hibernate.SQL                        : 
    select
        u1_0.user_id 
    from
        users u1_0 
    where
        u1_0.email=? 
    limit
        ?
2026-02-01T17:02:07.480+03:00 DEBUG 19772 --- [befa-press] [           main] org.hibernate.SQL                        : 
    select
        c1_0.category_id 
    from
        categories c1_0 
    where
        c1_0.slug=? 
    limit
        ?
2026-02-01T17:02:07.485+03:00 DEBUG 19772 --- [befa-press] [           main] org.hibernate.SQL                        : 
    select
        c1_0.category_id 
    from
        categories c1_0 
    where
        c1_0.slug=? 
    limit
        ?
2026-02-01T17:02:07.496+03:00 DEBUG 19772 --- [befa-press] [           main] org.hibernate.SQL                        : 
    select
        u1_0.user_id,
        u1_0.affiliation,
        u1_0.bio,
        u1_0.created_at,
        u1_0.created_by,
        u1_0.deleted_at,
        u1_0.department_id,
        u1_0.email,
        u1_0.expertise_field,
        u1_0.face_descriptor,
        u1_0.face_image,
        u1_0.failed_login_attempts,
        u1_0.full_name,
        u1_0.is_email_verified,
        u1_0.is_verified,
        u1_0.last_login,
        u1_0.locked_at,
        u1_0.otp_method,
        u1_0.password_hash,
        u1_0.phone_number,
        u1_0.profile_pic,
        u1_0.role_id,
        u1_0.status,
        u1_0.updated_at 
    from
        users u1_0 
    where
        u1_0.email=?
2026-02-01T17:02:07.506+03:00 DEBUG 19772 --- [befa-press] [           main] org.hibernate.SQL                        : 
    select
        c1_0.category_id,
        c1_0.created_at,
        c1_0.description,
        c1_0.display_order,
        c1_0.icon,
        c1_0.name,
        c1_0.name_amharic,
        c1_0.slug,
        c1_0.status,
        c1_0.updated_at 
    from
        categories c1_0 
    where
        c1_0.slug=?
2026-02-01T17:02:07.512+03:00 DEBUG 19772 --- [befa-press] [           main] org.hibernate.SQL                        : 
    select
        n1_0.news_id 
    from
        news n1_0 
    where
        n1_0.slug=? 
    limit
        ?
2026-02-01T17:02:07.517+03:00 DEBUG 19772 --- [befa-press] [           main] org.hibernate.SQL                        : 
    select
        n1_0.news_id 
    from
        news n1_0 
    where
        n1_0.slug=? 
    limit
        ?
2026-02-01T17:02:07.525+03:00 DEBUG 19772 --- [befa-press] [           main] org.hibernate.SQL                        : 
    select
        u1_0.user_id,
        u1_0.affiliation,
        u1_0.bio,
        u1_0.created_at,
        u1_0.created_by,
        u1_0.deleted_at,
        u1_0.department_id,
        u1_0.email,
        u1_0.expertise_field,
        u1_0.face_descriptor,
        u1_0.face_image,
        u1_0.failed_login_attempts,
        u1_0.full_name,
        u1_0.is_email_verified,
        u1_0.is_verified,
        u1_0.last_login,
        u1_0.locked_at,
        u1_0.otp_method,
        u1_0.password_hash,
        u1_0.phone_number,
        u1_0.profile_pic,
        u1_0.role_id,
        u1_0.status,
        u1_0.updated_at 
    from
        users u1_0 
    where
        u1_0.email=?
2026-02-01T17:02:07.544+03:00 DEBUG 19772 --- [befa-press] [           main] org.hibernate.SQL                        : 
    select
        count(*) 
    from
        opinions o1_0
2026-02-01T17:02:07.554+03:00 DEBUG 19772 --- [befa-press] [           main] org.hibernate.SQL                        : 
    select
        count(n1_0.news_id) 
    from
        news n1_0 
    where
        n1_0.status=? 
        and n1_0.deleted_at is null
2026-02-01T17:02:07.559+03:00 DEBUG 19772 --- [befa-press] [           main] org.hibernate.SQL                        : 
    select
        u1_0.user_id,
        u1_0.affiliation,
        u1_0.bio,
        u1_0.created_at,
        u1_0.created_by,
        u1_0.deleted_at,
        u1_0.department_id,
        u1_0.email,
        u1_0.expertise_field,
        u1_0.face_descriptor,
        u1_0.face_image,
        u1_0.failed_login_attempts,
        u1_0.full_name,
        u1_0.is_email_verified,
        u1_0.is_verified,
        u1_0.last_login,
        u1_0.locked_at,
        u1_0.otp_method,
        u1_0.password_hash,
        u1_0.phone_number,
        u1_0.profile_pic,
        u1_0.role_id,
        u1_0.status,
        u1_0.updated_at 
    from
        users u1_0 
    where
        u1_0.email=?
2026-02-01T17:02:07.566+03:00 DEBUG 19772 --- [befa-press] [           main] org.hibernate.SQL                        : 
    select
        c1_0.category_id,
        c1_0.created_at,
        c1_0.description,
        c1_0.display_order,
        c1_0.icon,
        c1_0.name,
        c1_0.name_amharic,
        c1_0.slug,
        c1_0.status,
        c1_0.updated_at 
    from
        categories c1_0 
    where
        c1_0.slug=?
2026-02-01T17:02:07.600+03:00 DEBUG 19772 --- [befa-press] [           main] org.hibernate.SQL                        : 
    insert 
    into
        news
        (author_id, category_id, content, cover_image, created_at, deleted_at, excerpt, is_breaking, is_featured, is_trending, language, meta_description, meta_keywords, meta_title, published_at, scheduled_at, slug, status, title, title_amharic, updated_at, view_count) 
    values
        (?, ?, ?, ?, ?, ?, ?, ?, ?, ?, ?, ?, ?, ?, ?, ?, ?, ?, ?, ?, ?, ?)
2026-02-01T17:02:07.944+03:00  WARN 19772 --- [befa-press] [           main] o.h.engine.jdbc.spi.SqlExceptionHelper   : SQL Error: 1062, SQLState: 23000
2026-02-01T17:02:07.948+03:00 ERROR 19772 --- [befa-press] [           main] o.h.engine.jdbc.spi.SqlExceptionHelper   : Duplicate entry 'impact-of-ai-on-local-markets' for key 'news.UK_owrieak0v8dvhynft9mxexw15'
2026-02-01T17:02:08.052+03:00 ERROR 19772 --- [befa-press] [           main] com.befapress.config.DataSeeder          : DATA SEEDING FAILED: Application will continue, but data might be missing.

org.springframework.dao.DataIntegrityViolationException: could not execute statement [Duplicate entry 'impact-of-ai-on-local-markets' for key 'news.UK_owrieak0v8dvhynft9mxexw15'] [insert into news (author_id,category_id,content,cover_image,created_at,deleted_at,excerpt,is_breaking,is_featured,is_trending,language,meta_description,meta_keywords,meta_title,published_at,scheduled_at,slug,status,title,title_amharic,updated_at,view_count) values (?,?,?,?,?,?,?,?,?,?,?,?,?,?,?,?,?,?,?,?,?,?)]; SQL [insert into news (author_id,category_id,content,cover_image,created_at,deleted_at,excerpt,is_breaking,is_featured,is_trending,language,meta_description,meta_keywords,meta_title,published_at,scheduled_at,slug,status,title,title_amharic,updated_at,view_count) values (?,?,?,?,?,?,?,?,?,?,?,?,?,?,?,?,?,?,?,?,?,?)]; constraint [news.UK_owrieak0v8dvhynft9mxexw15]
	at org.springframework.orm.jpa.vendor.HibernateJpaDialect.convertHibernateAccessException(HibernateJpaDialect.java:290) ~[spring-orm-6.2.1.jar:6.2.1]
	at org.springframework.orm.jpa.vendor.HibernateJpaDialect.translateExceptionIfPossible(HibernateJpaDialect.java:241) ~[spring-orm-6.2.1.jar:6.2.1]
	at org.springframework.orm.jpa.AbstractEntityManagerFactoryBean.translateExceptionIfPossible(AbstractEntityManagerFactoryBean.java:560) ~[spring-orm-6.2.1.jar:6.2.1]
	at org.springframework.dao.support.ChainedPersistenceExceptionTranslator.translateExceptionIfPossible(ChainedPersistenceExceptionTranslator.java:61) ~[spring-tx-6.2.1.jar:6.2.1]
	at org.springframework.dao.support.DataAccessUtils.translateIfNecessary(DataAccessUtils.java:343) ~[spring-tx-6.2.1.jar:6.2.1]
	at org.springframework.dao.support.PersistenceExceptionTranslationInterceptor.invoke(PersistenceExceptionTranslationInterceptor.java:160) ~[spring-tx-6.2.1.jar:6.2.1]
	at org.springframework.aop.framework.ReflectiveMethodInvocation.proceed(ReflectiveMethodInvocation.java:184) ~[spring-aop-6.2.1.jar:6.2.1]
	at org.springframework.data.jpa.repository.support.CrudMethodMetadataPostProcessor$CrudMethodMetadataPopulatingMethodInterceptor.invoke(CrudMethodMetadataPostProcessor.java:165) ~[spring-data-jpa-3.4.1.jar:3.4.1]
	at org.springframework.aop.framework.ReflectiveMethodInvocation.proceed(ReflectiveMethodInvocation.java:184) ~[spring-aop-6.2.1.jar:6.2.1]
	at org.springframework.aop.framework.JdkDynamicAopProxy.invoke(JdkDynamicAopProxy.java:223) ~[spring-aop-6.2.1.jar:6.2.1]
	at jdk.proxy2/jdk.proxy2.$Proxy167.save(Unknown Source) ~[na:na]
	at com.befapress.config.DataSeeder.seedPendingData(DataSeeder.java:266) ~[classes/:na]
	at com.befapress.config.DataSeeder.run(DataSeeder.java:68) ~[classes/:na]
	at org.springframework.boot.SpringApplication.lambda$callRunner$5(SpringApplication.java:788) ~[spring-boot-3.4.1.jar:3.4.1]
	at org.springframework.util.function.ThrowingConsumer$1.acceptWithException(ThrowingConsumer.java:82) ~[spring-core-6.2.1.jar:6.2.1]
	at org.springframework.util.function.ThrowingConsumer.accept(ThrowingConsumer.java:60) ~[spring-core-6.2.1.jar:6.2.1]
	at org.springframework.util.function.ThrowingConsumer$1.accept(ThrowingConsumer.java:86) ~[spring-core-6.2.1.jar:6.2.1]
	at org.springframework.boot.SpringApplication.callRunner(SpringApplication.java:796) ~[spring-boot-3.4.1.jar:3.4.1]
	at org.springframework.boot.SpringApplication.callRunner(SpringApplication.java:787) ~[spring-boot-3.4.1.jar:3.4.1]
	at org.springframework.boot.SpringApplication.lambda$callRunners$3(SpringApplication.java:772) ~[spring-boot-3.4.1.jar:3.4.1]
	at java.base/java.util.stream.ForEachOps$ForEachOp$OfRef.accept(ForEachOps.java:183) ~[na:na]
	at java.base/java.util.stream.SortedOps$SizedRefSortingSink.end(SortedOps.java:357) ~[na:na]
	at java.base/java.util.stream.AbstractPipeline.copyInto(AbstractPipeline.java:510) ~[na:na]
	at java.base/java.util.stream.AbstractPipeline.wrapAndCopyInto(AbstractPipeline.java:499) ~[na:na]
	at java.base/java.util.stream.ForEachOps$ForEachOp.evaluateSequential(ForEachOps.java:150) ~[na:na]
	at java.base/java.util.stream.ForEachOps$ForEachOp$OfRef.evaluateSequential(ForEachOps.java:173) ~[na:na]
	at java.base/java.util.stream.AbstractPipeline.evaluate(AbstractPipeline.java:234) ~[na:na]
	at java.base/java.util.stream.ReferencePipeline.forEach(ReferencePipeline.java:596) ~[na:na]
	at org.springframework.boot.SpringApplication.callRunners(SpringApplication.java:772) ~[spring-boot-3.4.1.jar:3.4.1]
	at org.springframework.boot.SpringApplication.run(SpringApplication.java:325) ~[spring-boot-3.4.1.jar:3.4.1]
	at org.springframework.boot.test.context.SpringBootContextLoader.lambda$loadContext$3(SpringBootContextLoader.java:137) ~[spring-boot-test-3.4.1.jar:3.4.1]
	at org.springframework.util.function.ThrowingSupplier.get(ThrowingSupplier.java:58) ~[spring-core-6.2.1.jar:6.2.1]
	at org.springframework.util.function.ThrowingSupplier.get(ThrowingSupplier.java:46) ~[spring-core-6.2.1.jar:6.2.1]
	at org.springframework.boot.SpringApplication.withHook(SpringApplication.java:1461) ~[spring-boot-3.4.1.jar:3.4.1]
	at org.springframework.boot.test.context.SpringBootContextLoader$ContextLoaderHook.run(SpringBootContextLoader.java:553) ~[spring-boot-test-3.4.1.jar:3.4.1]
	at org.springframework.boot.test.context.SpringBootContextLoader.loadContext(SpringBootContextLoader.java:137) ~[spring-boot-test-3.4.1.jar:3.4.1]
	at org.springframework.boot.test.context.SpringBootContextLoader.loadContext(SpringBootContextLoader.java:108) ~[spring-boot-test-3.4.1.jar:3.4.1]
	at org.springframework.test.context.cache.DefaultCacheAwareContextLoaderDelegate.loadContextInternal(DefaultCacheAwareContextLoaderDelegate.java:225) ~[spring-test-6.2.1.jar:6.2.1]
	at org.springframework.test.context.cache.DefaultCacheAwareContextLoaderDelegate.loadContext(DefaultCacheAwareContextLoaderDelegate.java:152) ~[spring-test-6.2.1.jar:6.2.1]
	at org.springframework.test.context.support.DefaultTestContext.getApplicationContext(DefaultTestContext.java:130) ~[spring-test-6.2.1.jar:6.2.1]
	at org.springframework.test.context.web.ServletTestExecutionListener.setUpRequestContextIfNecessary(ServletTestExecutionListener.java:191) ~[spring-test-6.2.1.jar:6.2.1]
	at org.springframework.test.context.web.ServletTestExecutionListener.prepareTestInstance(ServletTestExecutionListener.java:130) ~[spring-test-6.2.1.jar:6.2.1]
	at org.springframework.test.context.TestContextManager.prepareTestInstance(TestContextManager.java:260) ~[spring-test-6.2.1.jar:6.2.1]
	at org.springframework.test.context.junit.jupiter.SpringExtension.postProcessTestInstance(SpringExtension.java:160) ~[spring-test-6.2.1.jar:6.2.1]
	at org.junit.jupiter.engine.descriptor.ClassBasedTestDescriptor.lambda$invokeTestInstancePostProcessors$11(ClassBasedTestDescriptor.java:378) ~[junit-jupiter-engine-5.11.4.jar:5.11.4]
	at org.junit.jupiter.engine.descriptor.ClassBasedTestDescriptor.executeAndMaskThrowable(ClassBasedTestDescriptor.java:383) ~[junit-jupiter-engine-5.11.4.jar:5.11.4]
	at org.junit.jupiter.engine.descriptor.ClassBasedTestDescriptor.lambda$invokeTestInstancePostProcessors$12(ClassBasedTestDescriptor.java:378) ~[junit-jupiter-engine-5.11.4.jar:5.11.4]
	at java.base/java.util.stream.ForEachOps$ForEachOp$OfRef.accept(ForEachOps.java:183) ~[na:na]
	at java.base/java.util.stream.ReferencePipeline$3$1.accept(ReferencePipeline.java:197) ~[na:na]
	at java.base/java.util.stream.ReferencePipeline$2$1.accept(ReferencePipeline.java:179) ~[na:na]
	at java.base/java.util.stream.ReferencePipeline$3$1.accept(ReferencePipeline.java:197) ~[na:na]
	at java.base/java.util.ArrayList$ArrayListSpliterator.forEachRemaining(ArrayList.java:1625) ~[na:na]
	at java.base/java.util.stream.AbstractPipeline.copyInto(AbstractPipeline.java:509) ~[na:na]
	at java.base/java.util.stream.AbstractPipeline.wrapAndCopyInto(AbstractPipeline.java:499) ~[na:na]
	at java.base/java.util.stream.ForEachOps$ForEachOp.evaluateSequential(ForEachOps.java:150) ~[na:na]
	at java.base/java.util.stream.ForEachOps$ForEachOp$OfRef.evaluateSequential(ForEachOps.java:173) ~[na:na]
	at java.base/java.util.stream.AbstractPipeline.evaluate(AbstractPipeline.java:234) ~[na:na]
	at java.base/java.util.stream.ReferencePipeline.forEach(ReferencePipeline.java:596) ~[na:na]
	at org.junit.jupiter.engine.descriptor.ClassBasedTestDescriptor.invokeTestInstancePostProcessors(ClassBasedTestDescriptor.java:377) ~[junit-jupiter-engine-5.11.4.jar:5.11.4]
	at org.junit.jupiter.engine.descriptor.ClassBasedTestDescriptor.lambda$instantiateAndPostProcessTestInstance$7(ClassBasedTestDescriptor.java:290) ~[junit-jupiter-engine-5.11.4.jar:5.11.4]
	at org.junit.platform.engine.support.hierarchical.ThrowableCollector.execute(ThrowableCollector.java:73) ~[junit-platform-engine-1.11.4.jar:1.11.4]
	at org.junit.jupiter.engine.descriptor.ClassBasedTestDescriptor.instantiateAndPostProcessTestInstance(ClassBasedTestDescriptor.java:289) ~[junit-jupiter-engine-5.11.4.jar:5.11.4]
	at org.junit.jupiter.engine.descriptor.ClassBasedTestDescriptor.lambda$testInstancesProvider$5(ClassBasedTestDescriptor.java:279) ~[junit-jupiter-engine-5.11.4.jar:5.11.4]
	at java.base/java.util.Optional.orElseGet(Optional.java:364) ~[na:na]
	at org.junit.jupiter.engine.descriptor.ClassBasedTestDescriptor.lambda$testInstancesProvider$6(ClassBasedTestDescriptor.java:278) ~[junit-jupiter-engine-5.11.4.jar:5.11.4]
	at org.junit.jupiter.engine.execution.TestInstancesProvider.getTestInstances(TestInstancesProvider.java:31) ~[junit-jupiter-engine-5.11.4.jar:5.11.4]
	at org.junit.jupiter.engine.descriptor.TestMethodTestDescriptor.lambda$prepare$1(TestMethodTestDescriptor.java:105) ~[junit-jupiter-engine-5.11.4.jar:5.11.4]
	at org.junit.platform.engine.support.hierarchical.ThrowableCollector.execute(ThrowableCollector.java:73) ~[junit-platform-engine-1.11.4.jar:1.11.4]
	at org.junit.jupiter.engine.descriptor.TestMethodTestDescriptor.prepare(TestMethodTestDescriptor.java:104) ~[junit-jupiter-engine-5.11.4.jar:5.11.4]
	at org.junit.jupiter.engine.descriptor.TestMethodTestDescriptor.prepare(TestMethodTestDescriptor.java:68) ~[junit-jupiter-engine-5.11.4.jar:5.11.4]
	at org.junit.platform.engine.support.hierarchical.NodeTestTask.lambda$prepare$2(NodeTestTask.java:128) ~[junit-platform-engine-1.11.4.jar:1.11.4]
	at org.junit.platform.engine.support.hierarchical.ThrowableCollector.execute(ThrowableCollector.java:73) ~[junit-platform-engine-1.11.4.jar:1.11.4]
	at org.junit.platform.engine.support.hierarchical.NodeTestTask.prepare(NodeTestTask.java:128) ~[junit-platform-engine-1.11.4.jar:1.11.4]
	at org.junit.platform.engine.support.hierarchical.NodeTestTask.execute(NodeTestTask.java:95) ~[junit-platform-engine-1.11.4.jar:1.11.4]
	at java.base/java.util.ArrayList.forEach(ArrayList.java:1511) ~[na:na]
	at org.junit.platform.engine.support.hierarchical.SameThreadHierarchicalTestExecutorService.invokeAll(SameThreadHierarchicalTestExecutorService.java:41) ~[junit-platform-engine-1.11.4.jar:1.11.4]
	at org.junit.platform.engine.support.hierarchical.NodeTestTask.lambda$executeRecursively$6(NodeTestTask.java:160) ~[junit-platform-engine-1.11.4.jar:1.11.4]
	at org.junit.platform.engine.support.hierarchical.ThrowableCollector.execute(ThrowableCollector.java:73) ~[junit-platform-engine-1.11.4.jar:1.11.4]
	at org.junit.platform.engine.support.hierarchical.NodeTestTask.lambda$executeRecursively$8(NodeTestTask.java:146) ~[junit-platform-engine-1.11.4.jar:1.11.4]
	at org.junit.platform.engine.support.hierarchical.Node.around(Node.java:137) ~[junit-platform-engine-1.11.4.jar:1.11.4]
	at org.junit.platform.engine.support.hierarchical.NodeTestTask.lambda$executeRecursively$9(NodeTestTask.java:144) ~[junit-platform-engine-1.11.4.jar:1.11.4]
	at org.junit.platform.engine.support.hierarchical.ThrowableCollector.execute(ThrowableCollector.java:73) ~[junit-platform-engine-1.11.4.jar:1.11.4]
	at org.junit.platform.engine.support.hierarchical.NodeTestTask.executeRecursively(NodeTestTask.java:143) ~[junit-platform-engine-1.11.4.jar:1.11.4]
	at org.junit.platform.engine.support.hierarchical.NodeTestTask.execute(NodeTestTask.java:100) ~[junit-platform-engine-1.11.4.jar:1.11.4]
	at java.base/java.util.ArrayList.forEach(ArrayList.java:1511) ~[na:na]
	at org.junit.platform.engine.support.hierarchical.SameThreadHierarchicalTestExecutorService.invokeAll(SameThreadHierarchicalTestExecutorService.java:41) ~[junit-platform-engine-1.11.4.jar:1.11.4]
	at org.junit.platform.engine.support.hierarchical.NodeTestTask.lambda$executeRecursively$6(NodeTestTask.java:160) ~[junit-platform-engine-1.11.4.jar:1.11.4]
	at org.junit.platform.engine.support.hierarchical.ThrowableCollector.execute(ThrowableCollector.java:73) ~[junit-platform-engine-1.11.4.jar:1.11.4]
	at org.junit.platform.engine.support.hierarchical.NodeTestTask.lambda$executeRecursively$8(NodeTestTask.java:146) ~[junit-platform-engine-1.11.4.jar:1.11.4]
	at org.junit.platform.engine.support.hierarchical.Node.around(Node.java:137) ~[junit-platform-engine-1.11.4.jar:1.11.4]
	at org.junit.platform.engine.support.hierarchical.NodeTestTask.lambda$executeRecursively$9(NodeTestTask.java:144) ~[junit-platform-engine-1.11.4.jar:1.11.4]
	at org.junit.platform.engine.support.hierarchical.ThrowableCollector.execute(ThrowableCollector.java:73) ~[junit-platform-engine-1.11.4.jar:1.11.4]
	at org.junit.platform.engine.support.hierarchical.NodeTestTask.executeRecursively(NodeTestTask.java:143) ~[junit-platform-engine-1.11.4.jar:1.11.4]
	at org.junit.platform.engine.support.hierarchical.NodeTestTask.execute(NodeTestTask.java:100) ~[junit-platform-engine-1.11.4.jar:1.11.4]
	at org.junit.platform.engine.support.hierarchical.SameThreadHierarchicalTestExecutorService.submit(SameThreadHierarchicalTestExecutorService.java:35) ~[junit-platform-engine-1.11.4.jar:1.11.4]
	at org.junit.platform.engine.support.hierarchical.HierarchicalTestExecutor.execute(HierarchicalTestExecutor.java:57) ~[junit-platform-engine-1.11.4.jar:1.11.4]
	at org.junit.platform.engine.support.hierarchical.HierarchicalTestEngine.execute(HierarchicalTestEngine.java:54) ~[junit-platform-engine-1.11.4.jar:1.11.4]
	at org.junit.platform.launcher.core.EngineExecutionOrchestrator.execute(EngineExecutionOrchestrator.java:198) ~[junit-platform-launcher-1.11.4.jar:1.11.4]
	at org.junit.platform.launcher.core.EngineExecutionOrchestrator.execute(EngineExecutionOrchestrator.java:169) ~[junit-platform-launcher-1.11.4.jar:1.11.4]
	at org.junit.platform.launcher.core.EngineExecutionOrchestrator.execute(EngineExecutionOrchestrator.java:93) ~[junit-platform-launcher-1.11.4.jar:1.11.4]
	at org.junit.platform.launcher.core.EngineExecutionOrchestrator.lambda$execute$0(EngineExecutionOrchestrator.java:58) ~[junit-platform-launcher-1.11.4.jar:1.11.4]
	at org.junit.platform.launcher.core.EngineExecutionOrchestrator.withInterceptedStreams(EngineExecutionOrchestrator.java:141) ~[junit-platform-launcher-1.11.4.jar:1.11.4]
	at org.junit.platform.launcher.core.EngineExecutionOrchestrator.execute(EngineExecutionOrchestrator.java:57) ~[junit-platform-launcher-1.11.4.jar:1.11.4]
	at org.junit.platform.launcher.core.DefaultLauncher.execute(DefaultLauncher.java:103) ~[junit-platform-launcher-1.11.4.jar:1.11.4]
	at org.junit.platform.launcher.core.DefaultLauncher.execute(DefaultLauncher.java:85) ~[junit-platform-launcher-1.11.4.jar:1.11.4]
	at org.junit.platform.launcher.core.DelegatingLauncher.execute(DelegatingLauncher.java:47) ~[junit-platform-launcher-1.11.4.jar:1.11.4]
	at org.apache.maven.surefire.junitplatform.LazyLauncher.execute(LazyLauncher.java:56) ~[surefire-junit-platform-3.5.2.jar:3.5.2]
	at org.apache.maven.surefire.junitplatform.JUnitPlatformProvider.execute(JUnitPlatformProvider.java:184) ~[surefire-junit-platform-3.5.2.jar:3.5.2]
	at org.apache.maven.surefire.junitplatform.JUnitPlatformProvider.invokeAllTests(JUnitPlatformProvider.java:148) ~[surefire-junit-platform-3.5.2.jar:3.5.2]
	at org.apache.maven.surefire.junitplatform.JUnitPlatformProvider.invoke(JUnitPlatformProvider.java:122) ~[surefire-junit-platform-3.5.2.jar:3.5.2]
	at org.apache.maven.surefire.booter.ForkedBooter.runSuitesInProcess(ForkedBooter.java:385) ~[surefire-booter-3.5.2.jar:3.5.2]
	at org.apache.maven.surefire.booter.ForkedBooter.execute(ForkedBooter.java:162) ~[surefire-booter-3.5.2.jar:3.5.2]
	at org.apache.maven.surefire.booter.ForkedBooter.run(ForkedBooter.java:507) ~[surefire-booter-3.5.2.jar:3.5.2]
	at org.apache.maven.surefire.booter.ForkedBooter.main(ForkedBooter.java:495) ~[surefire-booter-3.5.2.jar:3.5.2]
Caused by: org.hibernate.exception.ConstraintViolationException: could not execute statement [Duplicate entry 'impact-of-ai-on-local-markets' for key 'news.UK_owrieak0v8dvhynft9mxexw15'] [insert into news (author_id,category_id,content,cover_image,created_at,deleted_at,excerpt,is_breaking,is_featured,is_trending,language,meta_description,meta_keywords,meta_title,published_at,scheduled_at,slug,status,title,title_amharic,updated_at,view_count) values (?,?,?,?,?,?,?,?,?,?,?,?,?,?,?,?,?,?,?,?,?,?)]
	at org.hibernate.dialect.MySQLDialect.lambda$buildSQLExceptionConversionDelegate$3(MySQLDialect.java:1245) ~[hibernate-core-6.6.4.Final.jar:6.6.4.Final]
	at org.hibernate.exception.internal.StandardSQLExceptionConverter.convert(StandardSQLExceptionConverter.java:58) ~[hibernate-core-6.6.4.Final.jar:6.6.4.Final]
	at org.hibernate.engine.jdbc.spi.SqlExceptionHelper.convert(SqlExceptionHelper.java:108) ~[hibernate-core-6.6.4.Final.jar:6.6.4.Final]
	at org.hibernate.engine.jdbc.internal.ResultSetReturnImpl.executeUpdate(ResultSetReturnImpl.java:197) ~[hibernate-core-6.6.4.Final.jar:6.6.4.Final]
	at org.hibernate.id.insert.GetGeneratedKeysDelegate.performMutation(GetGeneratedKeysDelegate.java:116) ~[hibernate-core-6.6.4.Final.jar:6.6.4.Final]
	at org.hibernate.engine.jdbc.mutation.internal.MutationExecutorSingleNonBatched.performNonBatchedOperations(MutationExecutorSingleNonBatched.java:47) ~[hibernate-core-6.6.4.Final.jar:6.6.4.Final]
	at org.hibernate.engine.jdbc.mutation.internal.AbstractMutationExecutor.execute(AbstractMutationExecutor.java:55) ~[hibernate-core-6.6.4.Final.jar:6.6.4.Final]
	at org.hibernate.persister.entity.mutation.InsertCoordinatorStandard.doStaticInserts(InsertCoordinatorStandard.java:194) ~[hibernate-core-6.6.4.Final.jar:6.6.4.Final]
	at org.hibernate.persister.entity.mutation.InsertCoordinatorStandard.coordinateInsert(InsertCoordinatorStandard.java:132) ~[hibernate-core-6.6.4.Final.jar:6.6.4.Final]
	at org.hibernate.persister.entity.mutation.InsertCoordinatorStandard.insert(InsertCoordinatorStandard.java:95) ~[hibernate-core-6.6.4.Final.jar:6.6.4.Final]
	at org.hibernate.action.internal.EntityIdentityInsertAction.execute(EntityIdentityInsertAction.java:85) ~[hibernate-core-6.6.4.Final.jar:6.6.4.Final]
	at org.hibernate.engine.spi.ActionQueue.execute(ActionQueue.java:682) ~[hibernate-core-6.6.4.Final.jar:6.6.4.Final]
	at org.hibernate.engine.spi.ActionQueue.addResolvedEntityInsertAction(ActionQueue.java:293) ~[hibernate-core-6.6.4.Final.jar:6.6.4.Final]
	at org.hibernate.engine.spi.ActionQueue.addInsertAction(ActionQueue.java:274) ~[hibernate-core-6.6.4.Final.jar:6.6.4.Final]
	at org.hibernate.engine.spi.ActionQueue.addAction(ActionQueue.java:324) ~[hibernate-core-6.6.4.Final.jar:6.6.4.Final]
	at org.hibernate.event.internal.AbstractSaveEventListener.addInsertAction(AbstractSaveEventListener.java:393) ~[hibernate-core-6.6.4.Final.jar:6.6.4.Final]
	at org.hibernate.event.internal.AbstractSaveEventListener.performSaveOrReplicate(AbstractSaveEventListener.java:307) ~[hibernate-core-6.6.4.Final.jar:6.6.4.Final]
	at org.hibernate.event.internal.AbstractSaveEventListener.performSave(AbstractSaveEventListener.java:223) ~[hibernate-core-6.6.4.Final.jar:6.6.4.Final]
	at org.hibernate.event.internal.AbstractSaveEventListener.saveWithGeneratedId(AbstractSaveEventListener.java:136) ~[hibernate-core-6.6.4.Final.jar:6.6.4.Final]
	at org.hibernate.event.internal.DefaultPersistEventListener.entityIsTransient(DefaultPersistEventListener.java:177) ~[hibernate-core-6.6.4.Final.jar:6.6.4.Final]
	at org.hibernate.event.internal.DefaultPersistEventListener.persist(DefaultPersistEventListener.java:95) ~[hibernate-core-6.6.4.Final.jar:6.6.4.Final]
	at org.hibernate.event.internal.DefaultPersistEventListener.onPersist(DefaultPersistEventListener.java:79) ~[hibernate-core-6.6.4.Final.jar:6.6.4.Final]
	at org.hibernate.event.internal.DefaultPersistEventListener.onPersist(DefaultPersistEventListener.java:55) ~[hibernate-core-6.6.4.Final.jar:6.6.4.Final]
	at org.hibernate.event.service.internal.EventListenerGroupImpl.fireEventOnEachListener(EventListenerGroupImpl.java:127) ~[hibernate-core-6.6.4.Final.jar:6.6.4.Final]
	at org.hibernate.internal.SessionImpl.firePersist(SessionImpl.java:761) ~[hibernate-core-6.6.4.Final.jar:6.6.4.Final]
	at org.hibernate.internal.SessionImpl.persist(SessionImpl.java:745) ~[hibernate-core-6.6.4.Final.jar:6.6.4.Final]
	at java.base/jdk.internal.reflect.NativeMethodAccessorImpl.invoke0(Native Method) ~[na:na]
	at java.base/jdk.internal.reflect.NativeMethodAccessorImpl.invoke(NativeMethodAccessorImpl.java:77) ~[na:na]
	at java.base/jdk.internal.reflect.DelegatingMethodAccessorImpl.invoke(DelegatingMethodAccessorImpl.java:43) ~[na:na]
	at java.base/java.lang.reflect.Method.invoke(Method.java:568) ~[na:na]
	at org.springframework.orm.jpa.SharedEntityManagerCreator$SharedEntityManagerInvocationHandler.invoke(SharedEntityManagerCreator.java:320) ~[spring-orm-6.2.1.jar:6.2.1]
	at jdk.proxy2/jdk.proxy2.$Proxy159.persist(Unknown Source) ~[na:na]
	at org.springframework.data.jpa.repository.support.SimpleJpaRepository.save(SimpleJpaRepository.java:627) ~[spring-data-jpa-3.4.1.jar:3.4.1]
	at java.base/jdk.internal.reflect.NativeMethodAccessorImpl.invoke0(Native Method) ~[na:na]
	at java.base/jdk.internal.reflect.NativeMethodAccessorImpl.invoke(NativeMethodAccessorImpl.java:77) ~[na:na]
	at java.base/jdk.internal.reflect.DelegatingMethodAccessorImpl.invoke(DelegatingMethodAccessorImpl.java:43) ~[na:na]
	at java.base/java.lang.reflect.Method.invoke(Method.java:568) ~[na:na]
	at org.springframework.aop.support.AopUtils.invokeJoinpointUsingReflection(AopUtils.java:359) ~[spring-aop-6.2.1.jar:6.2.1]
	at org.springframework.data.repository.core.support.RepositoryMethodInvoker$RepositoryFragmentMethodInvoker.lambda$new$0(RepositoryMethodInvoker.java:277) ~[spring-data-commons-3.4.1.jar:3.4.1]
	at org.springframework.data.repository.core.support.RepositoryMethodInvoker.doInvoke(RepositoryMethodInvoker.java:170) ~[spring-data-commons-3.4.1.jar:3.4.1]
	at org.springframework.data.repository.core.support.RepositoryMethodInvoker.invoke(RepositoryMethodInvoker.java:158) ~[spring-data-commons-3.4.1.jar:3.4.1]
	at org.springframework.data.repository.core.support.RepositoryComposition$RepositoryFragments.invoke(RepositoryComposition.java:515) ~[spring-data-commons-3.4.1.jar:3.4.1]
	at org.springframework.data.repository.core.support.RepositoryComposition.invoke(RepositoryComposition.java:284) ~[spring-data-commons-3.4.1.jar:3.4.1]
	at org.springframework.data.repository.core.support.RepositoryFactorySupport$ImplementationMethodExecutionInterceptor.invoke(RepositoryFactorySupport.java:752) ~[spring-data-commons-3.4.1.jar:3.4.1]
	at org.springframework.aop.framework.ReflectiveMethodInvocation.proceed(ReflectiveMethodInvocation.java:184) ~[spring-aop-6.2.1.jar:6.2.1]
	at org.springframework.data.repository.core.support.QueryExecutorMethodInterceptor.doInvoke(QueryExecutorMethodInterceptor.java:174) ~[spring-data-commons-3.4.1.jar:3.4.1]
	at org.springframework.data.repository.core.support.QueryExecutorMethodInterceptor.invoke(QueryExecutorMethodInterceptor.java:149) ~[spring-data-commons-3.4.1.jar:3.4.1]
	at org.springframework.aop.framework.ReflectiveMethodInvocation.proceed(ReflectiveMethodInvocation.java:184) ~[spring-aop-6.2.1.jar:6.2.1]
	at org.springframework.data.projection.DefaultMethodInvokingMethodInterceptor.invoke(DefaultMethodInvokingMethodInterceptor.java:69) ~[spring-data-commons-3.4.1.jar:3.4.1]
	at org.springframework.aop.framework.ReflectiveMethodInvocation.proceed(ReflectiveMethodInvocation.java:184) ~[spring-aop-6.2.1.jar:6.2.1]
	at org.springframework.transaction.interceptor.TransactionAspectSupport.invokeWithinTransaction(TransactionAspectSupport.java:380) ~[spring-tx-6.2.1.jar:6.2.1]
	at org.springframework.transaction.interceptor.TransactionInterceptor.invoke(TransactionInterceptor.java:119) ~[spring-tx-6.2.1.jar:6.2.1]
	at org.springframework.aop.framework.ReflectiveMethodInvocation.proceed(ReflectiveMethodInvocation.java:184) ~[spring-aop-6.2.1.jar:6.2.1]
	at org.springframework.dao.support.PersistenceExceptionTranslationInterceptor.invoke(PersistenceExceptionTranslationInterceptor.java:138) ~[spring-tx-6.2.1.jar:6.2.1]
	... 108 common frames omitted
Caused by: java.sql.SQLIntegrityConstraintViolationException: Duplicate entry 'impact-of-ai-on-local-markets' for key 'news.UK_owrieak0v8dvhynft9mxexw15'
	at com.mysql.cj.jdbc.exceptions.SQLError.createSQLException(SQLError.java:109) ~[mysql-connector-j-9.1.0.jar:9.1.0]
	at com.mysql.cj.jdbc.exceptions.SQLExceptionsMapping.translateException(SQLExceptionsMapping.java:114) ~[mysql-connector-j-9.1.0.jar:9.1.0]
	at com.mysql.cj.jdbc.ClientPreparedStatement.executeInternal(ClientPreparedStatement.java:988) ~[mysql-connector-j-9.1.0.jar:9.1.0]
	at com.mysql.cj.jdbc.ClientPreparedStatement.executeUpdateInternal(ClientPreparedStatement.java:1166) ~[mysql-connector-j-9.1.0.jar:9.1.0]
	at com.mysql.cj.jdbc.ClientPreparedStatement.executeUpdateInternal(ClientPreparedStatement.java:1101) ~[mysql-connector-j-9.1.0.jar:9.1.0]
	at com.mysql.cj.jdbc.ClientPreparedStatement.executeLargeUpdate(ClientPreparedStatement.java:1467) ~[mysql-connector-j-9.1.0.jar:9.1.0]
	at com.mysql.cj.jdbc.ClientPreparedStatement.executeUpdate(ClientPreparedStatement.java:1084) ~[mysql-connector-j-9.1.0.jar:9.1.0]
	at com.zaxxer.hikari.pool.ProxyPreparedStatement.executeUpdate(ProxyPreparedStatement.java:61) ~[HikariCP-5.1.0.jar:na]
	at com.zaxxer.hikari.pool.HikariProxyPreparedStatement.executeUpdate(HikariProxyPreparedStatement.java) ~[HikariCP-5.1.0.jar:na]
	at org.hibernate.engine.jdbc.internal.ResultSetReturnImpl.executeUpdate(ResultSetReturnImpl.java:194) ~[hibernate-core-6.6.4.Final.jar:6.6.4.Final]
	... 158 common frames omitted

2026-02-01T17:02:08.076+03:00  INFO 19772 --- [befa-press] [           main] c.befapress.config.OpinionStatusFixer    : Checking for opinions with 'APPROVED' status to migrate to 'PUBLISHED'...
2026-02-01T17:02:08.079+03:00 DEBUG 19772 --- [befa-press] [           main] org.hibernate.SQL                        : 
    select
        o1_0.opinion_id,
        o1_0.author_id,
        o1_0.content,
        o1_0.cover_image,
        o1_0.created_at,
        o1_0.deleted_at,
        o1_0.excerpt,
        o1_0.is_featured,
        o1_0.language,
        o1_0.meta_description,
        o1_0.meta_title,
        o1_0.published_at,
        o1_0.rejection_reason,
        o1_0.scheduled_at,
        o1_0.slug,
        o1_0.status,
        o1_0.title,
        o1_0.updated_at,
        o1_0.view_count 
    from
        opinions o1_0
2026-02-01T17:02:08.113+03:00  INFO 19772 --- [befa-press] [           main] c.befapress.config.OpinionStatusFixer    : No opinions needed migration.
2026-02-01T17:02:11.164+03:00 DEBUG 19772 --- [befa-press] [           main] org.hibernate.SQL                        : 
    select
        r1_0.role_id,
        r1_0.created_at,
        r1_0.description,
        r1_0.name 
    from
        roles r1_0 
    where
        r1_0.name=?
2026-02-01T17:02:11.225+03:00 DEBUG 19772 --- [befa-press] [           main] org.hibernate.SQL                        : 
    select
        u1_0.user_id,
        u1_0.affiliation,
        u1_0.bio,
        u1_0.created_at,
        u1_0.created_by,
        u1_0.deleted_at,
        u1_0.department_id,
        u1_0.email,
        u1_0.expertise_field,
        u1_0.face_descriptor,
        u1_0.face_image,
        u1_0.failed_login_attempts,
        u1_0.full_name,
        u1_0.is_email_verified,
        u1_0.is_verified,
        u1_0.last_login,
        u1_0.locked_at,
        u1_0.otp_method,
        u1_0.password_hash,
        u1_0.phone_number,
        u1_0.profile_pic,
        u1_0.role_id,
        u1_0.status,
        u1_0.updated_at 
    from
        users u1_0 
    where
        u1_0.email=?
2026-02-01T17:02:11.560+03:00 DEBUG 19772 --- [befa-press] [           main] org.hibernate.SQL                        : 
    insert 
    into
        users
        (affiliation, bio, created_at, created_by, deleted_at, department_id, email, expertise_field, face_descriptor, face_image, failed_login_attempts, full_name, is_email_verified, is_verified, last_login, locked_at, otp_method, password_hash, phone_number, profile_pic, role_id, status, updated_at) 
    values
        (?, ?, ?, ?, ?, ?, ?, ?, ?, ?, ?, ?, ?, ?, ?, ?, ?, ?, ?, ?, ?, ?, ?)
2026-02-01T17:02:11.611+03:00 DEBUG 19772 --- [befa-press] [           main] org.hibernate.SQL                        : 
    insert 
    into
        categories
        (created_at, description, display_order, icon, name, name_amharic, slug, status, updated_at) 
    values
        (?, ?, ?, ?, ?, ?, ?, ?, ?)
2026-02-01T17:02:11.619+03:00 DEBUG 19772 --- [befa-press] [           main] org.hibernate.SQL                        : 
    insert 
    into
        news
        (author_id, category_id, content, cover_image, created_at, deleted_at, excerpt, is_breaking, is_featured, is_trending, language, meta_description, meta_keywords, meta_title, published_at, scheduled_at, slug, status, title, title_amharic, updated_at, view_count) 
    values
        (?, ?, ?, ?, ?, ?, ?, ?, ?, ?, ?, ?, ?, ?, ?, ?, ?, ?, ?, ?, ?, ?)
2026-02-01T17:02:11.628+03:00 DEBUG 19772 --- [befa-press] [           main] org.hibernate.SQL                        : 
    insert 
    into
        opinions
        (author_id, content, cover_image, created_at, deleted_at, excerpt, is_featured, language, meta_description, meta_title, published_at, rejection_reason, scheduled_at, slug, status, title, updated_at, view_count) 
    values
        (?, ?, ?, ?, ?, ?, ?, ?, ?, ?, ?, ?, ?, ?, ?, ?, ?, ?)
2026-02-01T17:02:11.707+03:00 DEBUG 19772 --- [befa-press] [           main] o.s.security.web.FilterChainProxy        : Securing GET /api/v1/user/preferences
2026-02-01T17:02:11.780+03:00 DEBUG 19772 --- [befa-press] [           main] o.s.security.web.FilterChainProxy        : Secured GET /api/v1/user/preferences
2026-02-01T17:02:11.826+03:00 DEBUG 19772 --- [befa-press] [           main] org.hibernate.SQL                        : 
    select
        ss1_0.id,
        ss1_0.analytics_enabled,
        ss1_0.available_languages,
        ss1_0.comments_enabled,
        ss1_0.contact_address,
        ss1_0.contact_email,
        ss1_0.contact_phone,
        ss1_0.date_format,
        ss1_0.default_language,
        ss1_0.default_og_image,
        ss1_0.expiry_reminder_days,
        ss1_0.favicon_url,
        ss1_0.logo_url,
        ss1_0.maintenance_mode,
        ss1_0.meta_description,
        ss1_0.meta_description_amharic,
        ss1_0.registration_enabled,
        ss1_0.site_name,
        ss1_0.site_name_amharic,
        ss1_0.social_links,
        ss1_0.subscription_days,
        ss1_0.tagline,
        ss1_0.tagline_amharic,
        ss1_0.time_format,
        ss1_0.timezone,
        ss1_0.updated_at,
        ss1_0.updated_by 
    from
        site_settings ss1_0 
    where
        ss1_0.id=?
2026-02-01T17:02:11.926+03:00 DEBUG 19772 --- [befa-press] [           main] org.hibernate.SQL                        : 
    select
        u1_0.user_id,
        u1_0.affiliation,
        u1_0.bio,
        u1_0.created_at,
        u1_0.created_by,
        u1_0.deleted_at,
        u1_0.department_id,
        u1_0.email,
        u1_0.expertise_field,
        u1_0.face_descriptor,
        u1_0.face_image,
        u1_0.failed_login_attempts,
        u1_0.full_name,
        u1_0.is_email_verified,
        u1_0.is_verified,
        u1_0.last_login,
        u1_0.locked_at,
        u1_0.otp_method,
        u1_0.password_hash,
        u1_0.phone_number,
        u1_0.profile_pic,
        u1_0.role_id,
        u1_0.status,
        u1_0.updated_at 
    from
        users u1_0 
    where
        u1_0.email=?
2026-02-01T17:02:11.949+03:00 DEBUG 19772 --- [befa-press] [           main] org.hibernate.SQL                        : 
    select
        up1_0.user_id,
        up1_0.created_at,
        up1_0.dark_mode,
        up1_0.email_notifications,
        up1_0.font_size,
        up1_0.language,
        up1_0.notify_breaking_news,
        up1_0.notify_comments,
        up1_0.notify_likes,
        up1_0.notify_new_opinions,
        up1_0.preferred_categories,
        up1_0.push_enabled,
        up1_0.updated_at 
    from
        user_preferences up1_0 
    where
        up1_0.user_id=?
]]></system-out>
  </testcase>
  <testcase name="bookmarkNews_ShouldSucceed" classname="com.befapress.controller.MobileEndpointsTest" time="0.773">
    <system-out><![CDATA[2026-02-01T17:02:13.145+03:00 DEBUG 19772 --- [befa-press] [           main] org.hibernate.SQL                        : 
    select
        r1_0.role_id,
        r1_0.created_at,
        r1_0.description,
        r1_0.name 
    from
        roles r1_0 
    where
        r1_0.name=?
2026-02-01T17:02:13.152+03:00 DEBUG 19772 --- [befa-press] [           main] org.hibernate.SQL                        : 
    select
        u1_0.user_id,
        u1_0.affiliation,
        u1_0.bio,
        u1_0.created_at,
        u1_0.created_by,
        u1_0.deleted_at,
        u1_0.department_id,
        u1_0.email,
        u1_0.expertise_field,
        u1_0.face_descriptor,
        u1_0.face_image,
        u1_0.failed_login_attempts,
        u1_0.full_name,
        u1_0.is_email_verified,
        u1_0.is_verified,
        u1_0.last_login,
        u1_0.locked_at,
        u1_0.otp_method,
        u1_0.password_hash,
        u1_0.phone_number,
        u1_0.profile_pic,
        u1_0.role_id,
        u1_0.status,
        u1_0.updated_at 
    from
        users u1_0 
    where
        u1_0.email=?
2026-02-01T17:02:13.634+03:00 DEBUG 19772 --- [befa-press] [           main] org.hibernate.SQL                        : 
    insert 
    into
        users
        (affiliation, bio, created_at, created_by, deleted_at, department_id, email, expertise_field, face_descriptor, face_image, failed_login_attempts, full_name, is_email_verified, is_verified, last_login, locked_at, otp_method, password_hash, phone_number, profile_pic, role_id, status, updated_at) 
    values
        (?, ?, ?, ?, ?, ?, ?, ?, ?, ?, ?, ?, ?, ?, ?, ?, ?, ?, ?, ?, ?, ?, ?)
2026-02-01T17:02:13.658+03:00 DEBUG 19772 --- [befa-press] [           main] org.hibernate.SQL                        : 
    insert 
    into
        categories
        (created_at, description, display_order, icon, name, name_amharic, slug, status, updated_at) 
    values
        (?, ?, ?, ?, ?, ?, ?, ?, ?)
2026-02-01T17:02:13.683+03:00 DEBUG 19772 --- [befa-press] [           main] org.hibernate.SQL                        : 
    insert 
    into
        news
        (author_id, category_id, content, cover_image, created_at, deleted_at, excerpt, is_breaking, is_featured, is_trending, language, meta_description, meta_keywords, meta_title, published_at, scheduled_at, slug, status, title, title_amharic, updated_at, view_count) 
    values
        (?, ?, ?, ?, ?, ?, ?, ?, ?, ?, ?, ?, ?, ?, ?, ?, ?, ?, ?, ?, ?, ?)
2026-02-01T17:02:13.708+03:00 DEBUG 19772 --- [befa-press] [           main] org.hibernate.SQL                        : 
    insert 
    into
        opinions
        (author_id, content, cover_image, created_at, deleted_at, excerpt, is_featured, language, meta_description, meta_title, published_at, rejection_reason, scheduled_at, slug, status, title, updated_at, view_count) 
    values
        (?, ?, ?, ?, ?, ?, ?, ?, ?, ?, ?, ?, ?, ?, ?, ?, ?, ?)
2026-02-01T17:02:13.785+03:00 DEBUG 19772 --- [befa-press] [           main] o.s.security.web.FilterChainProxy        : Securing POST /api/v1/bookmarks/news/229
2026-02-01T17:02:13.786+03:00 DEBUG 19772 --- [befa-press] [           main] o.s.security.web.FilterChainProxy        : Secured POST /api/v1/bookmarks/news/229
2026-02-01T17:02:13.790+03:00 DEBUG 19772 --- [befa-press] [           main] org.hibernate.SQL                        : 
    select
        ss1_0.id,
        ss1_0.analytics_enabled,
        ss1_0.available_languages,
        ss1_0.comments_enabled,
        ss1_0.contact_address,
        ss1_0.contact_email,
        ss1_0.contact_phone,
        ss1_0.date_format,
        ss1_0.default_language,
        ss1_0.default_og_image,
        ss1_0.expiry_reminder_days,
        ss1_0.favicon_url,
        ss1_0.logo_url,
        ss1_0.maintenance_mode,
        ss1_0.meta_description,
        ss1_0.meta_description_amharic,
        ss1_0.registration_enabled,
        ss1_0.site_name,
        ss1_0.site_name_amharic,
        ss1_0.social_links,
        ss1_0.subscription_days,
        ss1_0.tagline,
        ss1_0.tagline_amharic,
        ss1_0.time_format,
        ss1_0.timezone,
        ss1_0.updated_at,
        ss1_0.updated_by 
    from
        site_settings ss1_0 
    where
        ss1_0.id=?
2026-02-01T17:02:13.824+03:00 DEBUG 19772 --- [befa-press] [           main] org.hibernate.SQL                        : 
    select
        u1_0.user_id,
        u1_0.affiliation,
        u1_0.bio,
        u1_0.created_at,
        u1_0.created_by,
        u1_0.deleted_at,
        u1_0.department_id,
        u1_0.email,
        u1_0.expertise_field,
        u1_0.face_descriptor,
        u1_0.face_image,
        u1_0.failed_login_attempts,
        u1_0.full_name,
        u1_0.is_email_verified,
        u1_0.is_verified,
        u1_0.last_login,
        u1_0.locked_at,
        u1_0.otp_method,
        u1_0.password_hash,
        u1_0.phone_number,
        u1_0.profile_pic,
        u1_0.role_id,
        u1_0.status,
        u1_0.updated_at 
    from
        users u1_0 
    where
        u1_0.email=?
2026-02-01T17:02:13.835+03:00 DEBUG 19772 --- [befa-press] [           main] org.hibernate.SQL                        : 
    select
        b1_0.id 
    from
        bookmarks b1_0 
    where
        b1_0.user_id=? 
        and b1_0.news_id=? 
    limit
        ?
2026-02-01T17:02:13.841+03:00 DEBUG 19772 --- [befa-press] [           main] org.hibernate.SQL                        : 
    insert 
    into
        bookmarks
        (created_at, news_id, opinion_id, user_id) 
    values
        (?, ?, ?, ?)
2026-02-01T17:02:13.874+03:00 DEBUG 19772 --- [befa-press] [           main] org.hibernate.SQL                        : 
    select
        b1_0.id 
    from
        bookmarks b1_0 
    where
        b1_0.user_id=? 
        and b1_0.news_id=? 
    limit
        ?
]]></system-out>
  </testcase>
  <testcase name="updatePreferences_ShouldUpdateValues" classname="com.befapress.controller.MobileEndpointsTest" time="1.191">
    <system-out><![CDATA[2026-02-01T17:02:13.924+03:00 DEBUG 19772 --- [befa-press] [           main] org.hibernate.SQL                        : 
    select
        r1_0.role_id,
        r1_0.created_at,
        r1_0.description,
        r1_0.name 
    from
        roles r1_0 
    where
        r1_0.name=?
2026-02-01T17:02:13.930+03:00 DEBUG 19772 --- [befa-press] [           main] org.hibernate.SQL                        : 
    select
        u1_0.user_id,
        u1_0.affiliation,
        u1_0.bio,
        u1_0.created_at,
        u1_0.created_by,
        u1_0.deleted_at,
        u1_0.department_id,
        u1_0.email,
        u1_0.expertise_field,
        u1_0.face_descriptor,
        u1_0.face_image,
        u1_0.failed_login_attempts,
        u1_0.full_name,
        u1_0.is_email_verified,
        u1_0.is_verified,
        u1_0.last_login,
        u1_0.locked_at,
        u1_0.otp_method,
        u1_0.password_hash,
        u1_0.phone_number,
        u1_0.profile_pic,
        u1_0.role_id,
        u1_0.status,
        u1_0.updated_at 
    from
        users u1_0 
    where
        u1_0.email=?
2026-02-01T17:02:14.512+03:00 DEBUG 19772 --- [befa-press] [           main] org.hibernate.SQL                        : 
    insert 
    into
        users
        (affiliation, bio, created_at, created_by, deleted_at, department_id, email, expertise_field, face_descriptor, face_image, failed_login_attempts, full_name, is_email_verified, is_verified, last_login, locked_at, otp_method, password_hash, phone_number, profile_pic, role_id, status, updated_at) 
    values
        (?, ?, ?, ?, ?, ?, ?, ?, ?, ?, ?, ?, ?, ?, ?, ?, ?, ?, ?, ?, ?, ?, ?)
2026-02-01T17:02:14.602+03:00 DEBUG 19772 --- [befa-press] [           main] org.hibernate.SQL                        : 
    insert 
    into
        categories
        (created_at, description, display_order, icon, name, name_amharic, slug, status, updated_at) 
    values
        (?, ?, ?, ?, ?, ?, ?, ?, ?)
2026-02-01T17:02:14.607+03:00 DEBUG 19772 --- [befa-press] [           main] org.hibernate.SQL                        : 
    insert 
    into
        news
        (author_id, category_id, content, cover_image, created_at, deleted_at, excerpt, is_breaking, is_featured, is_trending, language, meta_description, meta_keywords, meta_title, published_at, scheduled_at, slug, status, title, title_amharic, updated_at, view_count) 
    values
        (?, ?, ?, ?, ?, ?, ?, ?, ?, ?, ?, ?, ?, ?, ?, ?, ?, ?, ?, ?, ?, ?)
2026-02-01T17:02:14.614+03:00 DEBUG 19772 --- [befa-press] [           main] org.hibernate.SQL                        : 
    insert 
    into
        opinions
        (author_id, content, cover_image, created_at, deleted_at, excerpt, is_featured, language, meta_description, meta_title, published_at, rejection_reason, scheduled_at, slug, status, title, updated_at, view_count) 
    values
        (?, ?, ?, ?, ?, ?, ?, ?, ?, ?, ?, ?, ?, ?, ?, ?, ?, ?)
2026-02-01T17:02:14.623+03:00 DEBUG 19772 --- [befa-press] [           main] o.s.security.web.FilterChainProxy        : Securing PUT /api/v1/user/preferences
2026-02-01T17:02:14.624+03:00 DEBUG 19772 --- [befa-press] [           main] o.s.security.web.FilterChainProxy        : Secured PUT /api/v1/user/preferences
2026-02-01T17:02:14.626+03:00 DEBUG 19772 --- [befa-press] [           main] org.hibernate.SQL                        : 
    select
        ss1_0.id,
        ss1_0.analytics_enabled,
        ss1_0.available_languages,
        ss1_0.comments_enabled,
        ss1_0.contact_address,
        ss1_0.contact_email,
        ss1_0.contact_phone,
        ss1_0.date_format,
        ss1_0.default_language,
        ss1_0.default_og_image,
        ss1_0.expiry_reminder_days,
        ss1_0.favicon_url,
        ss1_0.logo_url,
        ss1_0.maintenance_mode,
        ss1_0.meta_description,
        ss1_0.meta_description_amharic,
        ss1_0.registration_enabled,
        ss1_0.site_name,
        ss1_0.site_name_amharic,
        ss1_0.social_links,
        ss1_0.subscription_days,
        ss1_0.tagline,
        ss1_0.tagline_amharic,
        ss1_0.time_format,
        ss1_0.timezone,
        ss1_0.updated_at,
        ss1_0.updated_by 
    from
        site_settings ss1_0 
    where
        ss1_0.id=?
2026-02-01T17:02:15.022+03:00 DEBUG 19772 --- [befa-press] [           main] org.hibernate.SQL                        : 
    select
        u1_0.user_id,
        u1_0.affiliation,
        u1_0.bio,
        u1_0.created_at,
        u1_0.created_by,
        u1_0.deleted_at,
        u1_0.department_id,
        u1_0.email,
        u1_0.expertise_field,
        u1_0.face_descriptor,
        u1_0.face_image,
        u1_0.failed_login_attempts,
        u1_0.full_name,
        u1_0.is_email_verified,
        u1_0.is_verified,
        u1_0.last_login,
        u1_0.locked_at,
        u1_0.otp_method,
        u1_0.password_hash,
        u1_0.phone_number,
        u1_0.profile_pic,
        u1_0.role_id,
        u1_0.status,
        u1_0.updated_at 
    from
        users u1_0 
    where
        u1_0.email=?
2026-02-01T17:02:15.029+03:00 DEBUG 19772 --- [befa-press] [           main] org.hibernate.SQL                        : 
    select
        up1_0.user_id,
        up1_0.created_at,
        up1_0.dark_mode,
        up1_0.email_notifications,
        up1_0.font_size,
        up1_0.language,
        up1_0.notify_breaking_news,
        up1_0.notify_comments,
        up1_0.notify_likes,
        up1_0.notify_new_opinions,
        up1_0.preferred_categories,
        up1_0.push_enabled,
        up1_0.updated_at 
    from
        user_preferences up1_0 
    where
        up1_0.user_id=?
2026-02-01T17:02:15.039+03:00 DEBUG 19772 --- [befa-press] [           main] o.s.security.web.FilterChainProxy        : Securing GET /api/v1/user/preferences
2026-02-01T17:02:15.040+03:00 DEBUG 19772 --- [befa-press] [           main] o.s.security.web.FilterChainProxy        : Secured GET /api/v1/user/preferences
2026-02-01T17:02:15.047+03:00 DEBUG 19772 --- [befa-press] [           main] org.hibernate.SQL                        : 
    select
        u1_0.user_id,
        u1_0.affiliation,
        u1_0.bio,
        u1_0.created_at,
        u1_0.created_by,
        u1_0.deleted_at,
        u1_0.department_id,
        u1_0.email,
        u1_0.expertise_field,
        u1_0.face_descriptor,
        u1_0.face_image,
        u1_0.failed_login_attempts,
        u1_0.full_name,
        u1_0.is_email_verified,
        u1_0.is_verified,
        u1_0.last_login,
        u1_0.locked_at,
        u1_0.otp_method,
        u1_0.password_hash,
        u1_0.phone_number,
        u1_0.profile_pic,
        u1_0.role_id,
        u1_0.status,
        u1_0.updated_at 
    from
        users u1_0 
    where
        u1_0.email=?
2026-02-01T17:02:15.059+03:00 DEBUG 19772 --- [befa-press] [           main] org.hibernate.SQL                        : 
    insert 
    into
        user_preferences
        (created_at, dark_mode, email_notifications, font_size, language, notify_breaking_news, notify_comments, notify_likes, notify_new_opinions, preferred_categories, push_enabled, updated_at, user_id) 
    values
        (?, ?, ?, ?, ?, ?, ?, ?, ?, ?, ?, ?, ?)
2026-02-01T17:02:15.067+03:00 DEBUG 19772 --- [befa-press] [           main] org.hibernate.SQL                        : 
    update
        user_preferences 
    set
        dark_mode=?,
        email_notifications=?,
        font_size=?,
        language=?,
        notify_breaking_news=?,
        notify_comments=?,
        notify_likes=?,
        notify_new_opinions=?,
        preferred_categories=?,
        push_enabled=?,
        updated_at=? 
    where
        user_id=?
2026-02-01T17:02:15.074+03:00 DEBUG 19772 --- [befa-press] [           main] org.hibernate.SQL                        : 
    select
        up1_0.user_id,
        up1_0.created_at,
        up1_0.dark_mode,
        up1_0.email_notifications,
        up1_0.font_size,
        up1_0.language,
        up1_0.notify_breaking_news,
        up1_0.notify_comments,
        up1_0.notify_likes,
        up1_0.notify_new_opinions,
        up1_0.preferred_categories,
        up1_0.push_enabled,
        up1_0.updated_at 
    from
        user_preferences up1_0 
    where
        up1_0.user_id=?
]]></system-out>
  </testcase>
  <testcase name="getLikeStatus_ShouldReturnCorrectStatus" classname="com.befapress.controller.MobileEndpointsTest" time="1.014">
    <system-out><![CDATA[2026-02-01T17:02:15.140+03:00 DEBUG 19772 --- [befa-press] [           main] org.hibernate.SQL                        : 
    select
        r1_0.role_id,
        r1_0.created_at,
        r1_0.description,
        r1_0.name 
    from
        roles r1_0 
    where
        r1_0.name=?
2026-02-01T17:02:15.150+03:00 DEBUG 19772 --- [befa-press] [           main] org.hibernate.SQL                        : 
    select
        u1_0.user_id,
        u1_0.affiliation,
        u1_0.bio,
        u1_0.created_at,
        u1_0.created_by,
        u1_0.deleted_at,
        u1_0.department_id,
        u1_0.email,
        u1_0.expertise_field,
        u1_0.face_descriptor,
        u1_0.face_image,
        u1_0.failed_login_attempts,
        u1_0.full_name,
        u1_0.is_email_verified,
        u1_0.is_verified,
        u1_0.last_login,
        u1_0.locked_at,
        u1_0.otp_method,
        u1_0.password_hash,
        u1_0.phone_number,
        u1_0.profile_pic,
        u1_0.role_id,
        u1_0.status,
        u1_0.updated_at 
    from
        users u1_0 
    where
        u1_0.email=?
2026-02-01T17:02:15.361+03:00 DEBUG 19772 --- [befa-press] [MessageBroker-3] org.hibernate.SQL                        : 
    select
        count(distinct ph1_0.session_id) 
    from
        page_hits ph1_0 
    where
        ph1_0.created_at>=?
2026-02-01T17:02:15.367+03:00 DEBUG 19772 --- [befa-press] [MessageBroker-3] org.hibernate.SQL                        : 
    select
        count(ph1_0.hit_id) 
    from
        page_hits ph1_0 
    where
        ph1_0.created_at between ? and ?
2026-02-01T17:02:15.372+03:00 DEBUG 19772 --- [befa-press] [MessageBroker-3] org.hibernate.SQL                        : 
    select
        ph1_0.device,
        count(ph1_0.hit_id) 
    from
        page_hits ph1_0 
    where
        ph1_0.created_at>=? 
    group by
        ph1_0.device
2026-02-01T17:02:15.375+03:00 DEBUG 19772 --- [befa-press] [MessageBroker-3] c.b.service.LiveAnalyticsService         : Broadcasted live analytics: 0 active users
2026-02-01T17:02:15.777+03:00 DEBUG 19772 --- [befa-press] [           main] org.hibernate.SQL                        : 
    insert 
    into
        users
        (affiliation, bio, created_at, created_by, deleted_at, department_id, email, expertise_field, face_descriptor, face_image, failed_login_attempts, full_name, is_email_verified, is_verified, last_login, locked_at, otp_method, password_hash, phone_number, profile_pic, role_id, status, updated_at) 
    values
        (?, ?, ?, ?, ?, ?, ?, ?, ?, ?, ?, ?, ?, ?, ?, ?, ?, ?, ?, ?, ?, ?, ?)
2026-02-01T17:02:15.872+03:00 DEBUG 19772 --- [befa-press] [           main] org.hibernate.SQL                        : 
    insert 
    into
        categories
        (created_at, description, display_order, icon, name, name_amharic, slug, status, updated_at) 
    values
        (?, ?, ?, ?, ?, ?, ?, ?, ?)
2026-02-01T17:02:15.876+03:00 DEBUG 19772 --- [befa-press] [           main] org.hibernate.SQL                        : 
    insert 
    into
        news
        (author_id, category_id, content, cover_image, created_at, deleted_at, excerpt, is_breaking, is_featured, is_trending, language, meta_description, meta_keywords, meta_title, published_at, scheduled_at, slug, status, title, title_amharic, updated_at, view_count) 
    values
        (?, ?, ?, ?, ?, ?, ?, ?, ?, ?, ?, ?, ?, ?, ?, ?, ?, ?, ?, ?, ?, ?)
2026-02-01T17:02:15.882+03:00 DEBUG 19772 --- [befa-press] [           main] org.hibernate.SQL                        : 
    insert 
    into
        opinions
        (author_id, content, cover_image, created_at, deleted_at, excerpt, is_featured, language, meta_description, meta_title, published_at, rejection_reason, scheduled_at, slug, status, title, updated_at, view_count) 
    values
        (?, ?, ?, ?, ?, ?, ?, ?, ?, ?, ?, ?, ?, ?, ?, ?, ?, ?)
2026-02-01T17:02:15.889+03:00 DEBUG 19772 --- [befa-press] [           main] o.s.security.web.FilterChainProxy        : Securing POST /api/v1/news/231/like
2026-02-01T17:02:15.890+03:00 DEBUG 19772 --- [befa-press] [           main] o.s.security.web.FilterChainProxy        : Secured POST /api/v1/news/231/like
2026-02-01T17:02:15.893+03:00 DEBUG 19772 --- [befa-press] [           main] org.hibernate.SQL                        : 
    select
        ss1_0.id,
        ss1_0.analytics_enabled,
        ss1_0.available_languages,
        ss1_0.comments_enabled,
        ss1_0.contact_address,
        ss1_0.contact_email,
        ss1_0.contact_phone,
        ss1_0.date_format,
        ss1_0.default_language,
        ss1_0.default_og_image,
        ss1_0.expiry_reminder_days,
        ss1_0.favicon_url,
        ss1_0.logo_url,
        ss1_0.maintenance_mode,
        ss1_0.meta_description,
        ss1_0.meta_description_amharic,
        ss1_0.registration_enabled,
        ss1_0.site_name,
        ss1_0.site_name_amharic,
        ss1_0.social_links,
        ss1_0.subscription_days,
        ss1_0.tagline,
        ss1_0.tagline_amharic,
        ss1_0.time_format,
        ss1_0.timezone,
        ss1_0.updated_at,
        ss1_0.updated_by 
    from
        site_settings ss1_0 
    where
        ss1_0.id=?
2026-02-01T17:02:15.901+03:00 DEBUG 19772 --- [befa-press] [           main] org.hibernate.SQL                        : 
    select
        u1_0.user_id,
        u1_0.affiliation,
        u1_0.bio,
        u1_0.created_at,
        u1_0.created_by,
        u1_0.deleted_at,
        u1_0.department_id,
        u1_0.email,
        u1_0.expertise_field,
        u1_0.face_descriptor,
        u1_0.face_image,
        u1_0.failed_login_attempts,
        u1_0.full_name,
        u1_0.is_email_verified,
        u1_0.is_verified,
        u1_0.last_login,
        u1_0.locked_at,
        u1_0.otp_method,
        u1_0.password_hash,
        u1_0.phone_number,
        u1_0.profile_pic,
        u1_0.role_id,
        u1_0.status,
        u1_0.updated_at 
    from
        users u1_0 
    where
        u1_0.email=?
2026-02-01T17:02:15.909+03:00 DEBUG 19772 --- [befa-press] [           main] org.hibernate.SQL                        : 
    select
        al1_0.id 
    from
        article_likes al1_0 
    where
        al1_0.user_id=? 
        and al1_0.news_id=? 
    limit
        ?
2026-02-01T17:02:15.913+03:00 DEBUG 19772 --- [befa-press] [           main] org.hibernate.SQL                        : 
    insert 
    into
        article_likes
        (created_at, news_id, opinion_id, user_id) 
    values
        (?, ?, ?, ?)
2026-02-01T17:02:15.959+03:00 DEBUG 19772 --- [befa-press] [           main] org.hibernate.SQL                        : 
    select
        al1_0.id 
    from
        article_likes al1_0 
    where
        al1_0.user_id=? 
        and al1_0.news_id=? 
    limit
        ?
2026-02-01T17:02:15.964+03:00 DEBUG 19772 --- [befa-press] [           main] o.s.security.web.FilterChainProxy        : Securing GET /api/v1/news/231/like-status
2026-02-01T17:02:15.965+03:00 DEBUG 19772 --- [befa-press] [           main] o.s.security.web.FilterChainProxy        : Secured GET /api/v1/news/231/like-status
2026-02-01T17:02:15.972+03:00 DEBUG 19772 --- [befa-press] [           main] org.hibernate.SQL                        : 
    select
        count(al1_0.id) 
    from
        article_likes al1_0 
    where
        al1_0.news_id=?
2026-02-01T17:02:15.976+03:00 DEBUG 19772 --- [befa-press] [           main] org.hibernate.SQL                        : 
    select
        u1_0.user_id,
        u1_0.affiliation,
        u1_0.bio,
        u1_0.created_at,
        u1_0.created_by,
        u1_0.deleted_at,
        u1_0.department_id,
        u1_0.email,
        u1_0.expertise_field,
        u1_0.face_descriptor,
        u1_0.face_image,
        u1_0.failed_login_attempts,
        u1_0.full_name,
        u1_0.is_email_verified,
        u1_0.is_verified,
        u1_0.last_login,
        u1_0.locked_at,
        u1_0.otp_method,
        u1_0.password_hash,
        u1_0.phone_number,
        u1_0.profile_pic,
        u1_0.role_id,
        u1_0.status,
        u1_0.updated_at 
    from
        users u1_0 
    where
        u1_0.email=?
2026-02-01T17:02:15.982+03:00 DEBUG 19772 --- [befa-press] [           main] org.hibernate.SQL                        : 
    select
        al1_0.id 
    from
        article_likes al1_0 
    where
        al1_0.user_id=? 
        and al1_0.news_id=? 
    limit
        ?
]]></system-out>
  </testcase>
  <testcase name="registerFcmToken_ShouldSucceed" classname="com.befapress.controller.MobileEndpointsTest" time="0.61">
    <system-out><![CDATA[2026-02-01T17:02:16.129+03:00 DEBUG 19772 --- [befa-press] [           main] org.hibernate.SQL                        : 
    select
        r1_0.role_id,
        r1_0.created_at,
        r1_0.description,
        r1_0.name 
    from
        roles r1_0 
    where
        r1_0.name=?
2026-02-01T17:02:16.134+03:00 DEBUG 19772 --- [befa-press] [           main] org.hibernate.SQL                        : 
    select
        u1_0.user_id,
        u1_0.affiliation,
        u1_0.bio,
        u1_0.created_at,
        u1_0.created_by,
        u1_0.deleted_at,
        u1_0.department_id,
        u1_0.email,
        u1_0.expertise_field,
        u1_0.face_descriptor,
        u1_0.face_image,
        u1_0.failed_login_attempts,
        u1_0.full_name,
        u1_0.is_email_verified,
        u1_0.is_verified,
        u1_0.last_login,
        u1_0.locked_at,
        u1_0.otp_method,
        u1_0.password_hash,
        u1_0.phone_number,
        u1_0.profile_pic,
        u1_0.role_id,
        u1_0.status,
        u1_0.updated_at 
    from
        users u1_0 
    where
        u1_0.email=?
2026-02-01T17:02:16.571+03:00 DEBUG 19772 --- [befa-press] [           main] org.hibernate.SQL                        : 
    insert 
    into
        users
        (affiliation, bio, created_at, created_by, deleted_at, department_id, email, expertise_field, face_descriptor, face_image, failed_login_attempts, full_name, is_email_verified, is_verified, last_login, locked_at, otp_method, password_hash, phone_number, profile_pic, role_id, status, updated_at) 
    values
        (?, ?, ?, ?, ?, ?, ?, ?, ?, ?, ?, ?, ?, ?, ?, ?, ?, ?, ?, ?, ?, ?, ?)
2026-02-01T17:02:16.576+03:00 DEBUG 19772 --- [befa-press] [           main] org.hibernate.SQL                        : 
    insert 
    into
        categories
        (created_at, description, display_order, icon, name, name_amharic, slug, status, updated_at) 
    values
        (?, ?, ?, ?, ?, ?, ?, ?, ?)
2026-02-01T17:02:16.579+03:00 DEBUG 19772 --- [befa-press] [           main] org.hibernate.SQL                        : 
    insert 
    into
        news
        (author_id, category_id, content, cover_image, created_at, deleted_at, excerpt, is_breaking, is_featured, is_trending, language, meta_description, meta_keywords, meta_title, published_at, scheduled_at, slug, status, title, title_amharic, updated_at, view_count) 
    values
        (?, ?, ?, ?, ?, ?, ?, ?, ?, ?, ?, ?, ?, ?, ?, ?, ?, ?, ?, ?, ?, ?)
2026-02-01T17:02:16.583+03:00 DEBUG 19772 --- [befa-press] [           main] org.hibernate.SQL                        : 
    insert 
    into
        opinions
        (author_id, content, cover_image, created_at, deleted_at, excerpt, is_featured, language, meta_description, meta_title, published_at, rejection_reason, scheduled_at, slug, status, title, updated_at, view_count) 
    values
        (?, ?, ?, ?, ?, ?, ?, ?, ?, ?, ?, ?, ?, ?, ?, ?, ?, ?)
2026-02-01T17:02:16.589+03:00 DEBUG 19772 --- [befa-press] [           main] o.s.security.web.FilterChainProxy        : Securing POST /api/v1/notifications/fcm-token
2026-02-01T17:02:16.590+03:00 DEBUG 19772 --- [befa-press] [           main] o.s.security.web.FilterChainProxy        : Secured POST /api/v1/notifications/fcm-token
2026-02-01T17:02:16.591+03:00 DEBUG 19772 --- [befa-press] [           main] org.hibernate.SQL                        : 
    select
        ss1_0.id,
        ss1_0.analytics_enabled,
        ss1_0.available_languages,
        ss1_0.comments_enabled,
        ss1_0.contact_address,
        ss1_0.contact_email,
        ss1_0.contact_phone,
        ss1_0.date_format,
        ss1_0.default_language,
        ss1_0.default_og_image,
        ss1_0.expiry_reminder_days,
        ss1_0.favicon_url,
        ss1_0.logo_url,
        ss1_0.maintenance_mode,
        ss1_0.meta_description,
        ss1_0.meta_description_amharic,
        ss1_0.registration_enabled,
        ss1_0.site_name,
        ss1_0.site_name_amharic,
        ss1_0.social_links,
        ss1_0.subscription_days,
        ss1_0.tagline,
        ss1_0.tagline_amharic,
        ss1_0.time_format,
        ss1_0.timezone,
        ss1_0.updated_at,
        ss1_0.updated_by 
    from
        site_settings ss1_0 
    where
        ss1_0.id=?
2026-02-01T17:02:16.681+03:00 DEBUG 19772 --- [befa-press] [           main] org.hibernate.SQL                        : 
    select
        u1_0.user_id,
        u1_0.affiliation,
        u1_0.bio,
        u1_0.created_at,
        u1_0.created_by,
        u1_0.deleted_at,
        u1_0.department_id,
        u1_0.email,
        u1_0.expertise_field,
        u1_0.face_descriptor,
        u1_0.face_image,
        u1_0.failed_login_attempts,
        u1_0.full_name,
        u1_0.is_email_verified,
        u1_0.is_verified,
        u1_0.last_login,
        u1_0.locked_at,
        u1_0.otp_method,
        u1_0.password_hash,
        u1_0.phone_number,
        u1_0.profile_pic,
        u1_0.role_id,
        u1_0.status,
        u1_0.updated_at 
    from
        users u1_0 
    where
        u1_0.email=?
2026-02-01T17:02:16.687+03:00 DEBUG 19772 --- [befa-press] [           main] org.hibernate.SQL                        : 
    select
        dt1_0.id,
        dt1_0.created_at,
        dt1_0.device_name,
        dt1_0.is_active,
        dt1_0.last_used_at,
        dt1_0.platform,
        dt1_0.token,
        dt1_0.updated_at,
        dt1_0.user_id 
    from
        device_tokens dt1_0 
    where
        dt1_0.user_id=? 
        and dt1_0.token=?
[...]
        u1_0.profile_pic,
        u1_0.role_id,
        u1_0.status,
        u1_0.updated_at 
    from
        users u1_0 
    where
        u1_0.email=?
2026-02-01T17:02:17.231+03:00 DEBUG 19772 --- [befa-press] [           main] org.hibernate.SQL                        : 
    insert 
    into
        users
        (affiliation, bio, created_at, created_by, deleted_at, department_id, email, expertise_field, face_descriptor, face_image, failed_login_attempts, full_name, is_email_verified, is_verified, last_login, locked_at, otp_method, password_hash, phone_number, profile_pic, role_id, status, updated_at) 
    values
        (?, ?, ?, ?, ?, ?, ?, ?, ?, ?, ?, ?, ?, ?, ?, ?, ?, ?, ?, ?, ?, ?, ?)
2026-02-01T17:02:17.273+03:00 DEBUG 19772 --- [befa-press] [           main] org.hibernate.SQL                        : 
    insert 
    into
        categories
        (created_at, description, display_order, icon, name, name_amharic, slug, status, updated_at) 
    values
        (?, ?, ?, ?, ?, ?, ?, ?, ?)
2026-02-01T17:02:17.331+03:00 DEBUG 19772 --- [befa-press] [           main] org.hibernate.SQL                        : 
    insert 
    into
        news
        (author_id, category_id, content, cover_image, created_at, deleted_at, excerpt, is_breaking, is_featured, is_trending, language, meta_description, meta_keywords, meta_title, published_at, scheduled_at, slug, status, title, title_amharic, updated_at, view_count) 
    values
        (?, ?, ?, ?, ?, ?, ?, ?, ?, ?, ?, ?, ?, ?, ?, ?, ?, ?, ?, ?, ?, ?)
2026-02-01T17:02:17.396+03:00 DEBUG 19772 --- [befa-press] [           main] org.hibernate.SQL                        : 
    insert 
    into
        opinions
        (author_id, content, cover_image, created_at, deleted_at, excerpt, is_featured, language, meta_description, meta_title, published_at, rejection_reason, scheduled_at, slug, status, title, updated_at, view_count) 
    values
        (?, ?, ?, ?, ?, ?, ?, ?, ?, ?, ?, ?, ?, ?, ?, ?, ?, ?)
2026-02-01T17:02:17.402+03:00 DEBUG 19772 --- [befa-press] [           main] o.s.security.web.FilterChainProxy        : Securing POST /api/v1/bookmarks/news/233
2026-02-01T17:02:17.403+03:00 DEBUG 19772 --- [befa-press] [           main] o.s.security.web.FilterChainProxy        : Secured POST /api/v1/bookmarks/news/233
2026-02-01T17:02:17.406+03:00 DEBUG 19772 --- [befa-press] [           main] org.hibernate.SQL                        : 
    select
        ss1_0.id,
        ss1_0.analytics_enabled,
        ss1_0.available_languages,
        ss1_0.comments_enabled,
        ss1_0.contact_address,
        ss1_0.contact_email,
        ss1_0.contact_phone,
        ss1_0.date_format,
        ss1_0.default_language,
        ss1_0.default_og_image,
        ss1_0.expiry_reminder_days,
        ss1_0.favicon_url,
        ss1_0.logo_url,
        ss1_0.maintenance_mode,
        ss1_0.meta_description,
        ss1_0.meta_description_amharic,
        ss1_0.registration_enabled,
        ss1_0.site_name,
        ss1_0.site_name_amharic,
        ss1_0.social_links,
        ss1_0.subscription_days,
        ss1_0.tagline,
        ss1_0.tagline_amharic,
        ss1_0.time_format,
        ss1_0.timezone,
        ss1_0.updated_at,
        ss1_0.updated_by 
    from
        site_settings ss1_0 
    where
        ss1_0.id=?
2026-02-01T17:02:17.412+03:00 DEBUG 19772 --- [befa-press] [           main] org.hibernate.SQL                        : 
    select
        u1_0.user_id,
        u1_0.affiliation,
        u1_0.bio,
        u1_0.created_at,
        u1_0.created_by,
        u1_0.deleted_at,
        u1_0.department_id,
        u1_0.email,
        u1_0.expertise_field,
        u1_0.face_descriptor,
        u1_0.face_image,
        u1_0.failed_login_attempts,
        u1_0.full_name,
        u1_0.is_email_verified,
        u1_0.is_verified,
        u1_0.last_login,
        u1_0.locked_at,
        u1_0.otp_method,
        u1_0.password_hash,
        u1_0.phone_number,
        u1_0.profile_pic,
        u1_0.role_id,
        u1_0.status,
        u1_0.updated_at 
    from
        users u1_0 
    where
        u1_0.email=?
2026-02-01T17:02:17.419+03:00 DEBUG 19772 --- [befa-press] [           main] org.hibernate.SQL                        : 
    select
        b1_0.id 
    from
        bookmarks b1_0 
    where
        b1_0.user_id=? 
        and b1_0.news_id=? 
    limit
        ?
2026-02-01T17:02:17.422+03:00 DEBUG 19772 --- [befa-press] [           main] org.hibernate.SQL                        : 
    insert 
    into
        bookmarks
        (created_at, news_id, opinion_id, user_id) 
    values
        (?, ?, ?, ?)
2026-02-01T17:02:17.435+03:00 DEBUG 19772 --- [befa-press] [           main] org.hibernate.SQL                        : 
    select
        b1_0.id 
    from
        bookmarks b1_0 
    where
        b1_0.user_id=? 
        and b1_0.news_id=? 
    limit
        ?
2026-02-01T17:02:17.439+03:00 DEBUG 19772 --- [befa-press] [           main] o.s.security.web.FilterChainProxy        : Securing GET /api/v1/bookmarks/news/233/check
2026-02-01T17:02:17.440+03:00 DEBUG 19772 --- [befa-press] [           main] o.s.security.web.FilterChainProxy        : Secured GET /api/v1/bookmarks/news/233/check
2026-02-01T17:02:17.447+03:00 DEBUG 19772 --- [befa-press] [           main] org.hibernate.SQL                        : 
    select
        u1_0.user_id,
        u1_0.affiliation,
        u1_0.bio,
        u1_0.created_at,
        u1_0.created_by,
        u1_0.deleted_at,
        u1_0.department_id,
        u1_0.email,
        u1_0.expertise_field,
        u1_0.face_descriptor,
        u1_0.face_image,
        u1_0.failed_login_attempts,
        u1_0.full_name,
        u1_0.is_email_verified,
        u1_0.is_verified,
        u1_0.last_login,
        u1_0.locked_at,
        u1_0.otp_method,
        u1_0.password_hash,
        u1_0.phone_number,
        u1_0.profile_pic,
        u1_0.role_id,
        u1_0.status,
        u1_0.updated_at 
    from
        users u1_0 
    where
        u1_0.email=?
2026-02-01T17:02:17.455+03:00 DEBUG 19772 --- [befa-press] [           main] org.hibernate.SQL                        : 
    select
        b1_0.id 
    from
        bookmarks b1_0 
    where
        b1_0.user_id=? 
        and b1_0.news_id=? 
    limit
        ?
]]></system-out>
  </testcase>
  <testcase name="unlikeOpinion_ShouldSucceed" classname="com.befapress.controller.MobileEndpointsTest" time="0.769">
    <system-out><![CDATA[2026-02-01T17:02:17.499+03:00 DEBUG 19772 --- [befa-press] [           main] org.hibernate.SQL                        : 
    select
        r1_0.role_id,
        r1_0.created_at,
        r1_0.description,
        r1_0.name 
    from
        roles r1_0 
    where
        r1_0.name=?
2026-02-01T17:02:17.508+03:00 DEBUG 19772 --- [befa-press] [           main] org.hibernate.SQL                        : 
    select
        u1_0.user_id,
        u1_0.affiliation,
        u1_0.bio,
        u1_0.created_at,
        u1_0.created_by,
        u1_0.deleted_at,
        u1_0.department_id,
        u1_0.email,
        u1_0.expertise_field,
        u1_0.face_descriptor,
        u1_0.face_image,
        u1_0.failed_login_attempts,
        u1_0.full_name,
        u1_0.is_email_verified,
        u1_0.is_verified,
        u1_0.last_login,
        u1_0.locked_at,
        u1_0.otp_method,
        u1_0.password_hash,
        u1_0.phone_number,
        u1_0.profile_pic,
        u1_0.role_id,
        u1_0.status,
        u1_0.updated_at 
    from
        users u1_0 
    where
        u1_0.email=?
2026-02-01T17:02:18.128+03:00 DEBUG 19772 --- [befa-press] [           main] org.hibernate.SQL                        : 
    insert 
    into
        users
        (affiliation, bio, created_at, created_by, deleted_at, department_id, email, expertise_field, face_descriptor, face_image, failed_login_attempts, full_name, is_email_verified, is_verified, last_login, locked_at, otp_method, password_hash, phone_number, profile_pic, role_id, status, updated_at) 
    values
        (?, ?, ?, ?, ?, ?, ?, ?, ?, ?, ?, ?, ?, ?, ?, ?, ?, ?, ?, ?, ?, ?, ?)
2026-02-01T17:02:18.140+03:00 DEBUG 19772 --- [befa-press] [           main] org.hibernate.SQL                        : 
    insert 
    into
        categories
        (created_at, description, display_order, icon, name, name_amharic, slug, status, updated_at) 
    values
        (?, ?, ?, ?, ?, ?, ?, ?, ?)
2026-02-01T17:02:18.142+03:00 DEBUG 19772 --- [befa-press] [           main] org.hibernate.SQL                        : 
    insert 
    into
        news
        (author_id, category_id, content, cover_image, created_at, deleted_at, excerpt, is_breaking, is_featured, is_trending, language, meta_description, meta_keywords, meta_title, published_at, scheduled_at, slug, status, title, title_amharic, updated_at, view_count) 
    values
        (?, ?, ?, ?, ?, ?, ?, ?, ?, ?, ?, ?, ?, ?, ?, ?, ?, ?, ?, ?, ?, ?)
2026-02-01T17:02:18.147+03:00 DEBUG 19772 --- [befa-press] [           main] org.hibernate.SQL                        : 
    insert 
    into
        opinions
        (author_id, content, cover_image, created_at, deleted_at, excerpt, is_featured, language, meta_description, meta_title, published_at, rejection_reason, scheduled_at, slug, status, title, updated_at, view_count) 
    values
        (?, ?, ?, ?, ?, ?, ?, ?, ?, ?, ?, ?, ?, ?, ?, ?, ?, ?)
2026-02-01T17:02:18.155+03:00 DEBUG 19772 --- [befa-press] [           main] o.s.security.web.FilterChainProxy        : Securing POST /api/v1/opinions/44/like
2026-02-01T17:02:18.156+03:00 DEBUG 19772 --- [befa-press] [           main] o.s.security.web.FilterChainProxy        : Secured POST /api/v1/opinions/44/like
2026-02-01T17:02:18.157+03:00 DEBUG 19772 --- [befa-press] [           main] org.hibernate.SQL                        : 
    select
        ss1_0.id,
        ss1_0.analytics_enabled,
        ss1_0.available_languages,
        ss1_0.comments_enabled,
        ss1_0.contact_address,
        ss1_0.contact_email,
        ss1_0.contact_phone,
        ss1_0.date_format,
        ss1_0.default_language,
        ss1_0.default_og_image,
        ss1_0.expiry_reminder_days,
        ss1_0.favicon_url,
        ss1_0.logo_url,
        ss1_0.maintenance_mode,
        ss1_0.meta_description,
        ss1_0.meta_description_amharic,
        ss1_0.registration_enabled,
        ss1_0.site_name,
        ss1_0.site_name_amharic,
        ss1_0.social_links,
        ss1_0.subscription_days,
        ss1_0.tagline,
        ss1_0.tagline_amharic,
        ss1_0.time_format,
        ss1_0.timezone,
        ss1_0.updated_at,
        ss1_0.updated_by 
    from
        site_settings ss1_0 
    where
        ss1_0.id=?
2026-02-01T17:02:18.167+03:00 DEBUG 19772 --- [befa-press] [           main] org.hibernate.SQL                        : 
    select
        u1_0.user_id,
        u1_0.affiliation,
        u1_0.bio,
        u1_0.created_at,
        u1_0.created_by,
        u1_0.deleted_at,
        u1_0.department_id,
        u1_0.email,
        u1_0.expertise_field,
        u1_0.face_descriptor,
        u1_0.face_image,
        u1_0.failed_login_attempts,
        u1_0.full_name,
        u1_0.is_email_verified,
        u1_0.is_verified,
        u1_0.last_login,
        u1_0.locked_at,
        u1_0.otp_method,
        u1_0.password_hash,
        u1_0.phone_number,
        u1_0.profile_pic,
        u1_0.role_id,
        u1_0.status,
        u1_0.updated_at 
    from
        users u1_0 
    where
        u1_0.email=?
2026-02-01T17:02:18.176+03:00 DEBUG 19772 --- [befa-press] [           main] org.hibernate.SQL                        : 
    select
        al1_0.id 
    from
        article_likes al1_0 
    where
        al1_0.user_id=? 
        and al1_0.opinion_id=? 
    limit
        ?
2026-02-01T17:02:18.179+03:00 DEBUG 19772 --- [befa-press] [           main] org.hibernate.SQL                        : 
    insert 
    into
        article_likes
        (created_at, news_id, opinion_id, user_id) 
    values
        (?, ?, ?, ?)
2026-02-01T17:02:18.185+03:00 DEBUG 19772 --- [befa-press] [           main] o.s.security.web.FilterChainProxy        : Securing DELETE /api/v1/opinions/44/like
2026-02-01T17:02:18.187+03:00 DEBUG 19772 --- [befa-press] [           main] o.s.security.web.FilterChainProxy        : Secured DELETE /api/v1/opinions/44/like
2026-02-01T17:02:18.192+03:00 DEBUG 19772 --- [befa-press] [           main] org.hibernate.SQL                        : 
    select
        u1_0.user_id,
        u1_0.affiliation,
        u1_0.bio,
        u1_0.created_at,
        u1_0.created_by,
        u1_0.deleted_at,
        u1_0.department_id,
        u1_0.email,
        u1_0.expertise_field,
        u1_0.face_descriptor,
        u1_0.face_image,
        u1_0.failed_login_attempts,
        u1_0.full_name,
        u1_0.is_email_verified,
        u1_0.is_verified,
        u1_0.last_login,
        u1_0.locked_at,
        u1_0.otp_method,
        u1_0.password_hash,
        u1_0.phone_number,
        u1_0.profile_pic,
        u1_0.role_id,
        u1_0.status,
        u1_0.updated_at 
    from
        users u1_0 
    where
        u1_0.email=?
2026-02-01T17:02:18.199+03:00 DEBUG 19772 --- [befa-press] [           main] org.hibernate.SQL                        : 
    select
        al1_0.id,
        al1_0.created_at,
        al1_0.news_id,
        al1_0.opinion_id,
        al1_0.user_id 
    from
        article_likes al1_0 
    where
        al1_0.user_id=? 
        and al1_0.opinion_id=?
2026-02-01T17:02:18.225+03:00 DEBUG 19772 --- [befa-press] [           main] org.hibernate.SQL                        : 
    delete 
    from
        article_likes 
    where
        id=?
2026-02-01T17:02:18.233+03:00 DEBUG 19772 --- [befa-press] [           main] org.hibernate.SQL                        : 
    select
        al1_0.id 
    from
        article_likes al1_0 
    where
        al1_0.user_id=? 
        and al1_0.opinion_id=? 
    limit
        ?
]]></system-out>
  </testcase>
  <testcase name="likeNews_ShouldSucceed" classname="com.befapress.controller.MobileEndpointsTest" time="0.542">
    <system-out><![CDATA[2026-02-01T17:02:18.274+03:00 DEBUG 19772 --- [befa-press] [           main] org.hibernate.SQL                        : 
    select
        r1_0.role_id,
        r1_0.created_at,
        r1_0.description,
        r1_0.name 
    from
        roles r1_0 
    where
        r1_0.name=?
2026-02-01T17:02:18.279+03:00 DEBUG 19772 --- [befa-press] [           main] org.hibernate.SQL                        : 
    select
        u1_0.user_id,
        u1_0.affiliation,
        u1_0.bio,
        u1_0.created_at,
        u1_0.created_by,
        u1_0.deleted_at,
        u1_0.department_id,
        u1_0.email,
        u1_0.expertise_field,
        u1_0.face_descriptor,
        u1_0.face_image,
        u1_0.failed_login_attempts,
        u1_0.full_name,
        u1_0.is_email_verified,
        u1_0.is_verified,
        u1_0.last_login,
        u1_0.locked_at,
        u1_0.otp_method,
        u1_0.password_hash,
        u1_0.phone_number,
        u1_0.profile_pic,
        u1_0.role_id,
        u1_0.status,
        u1_0.updated_at 
    from
        users u1_0 
    where
        u1_0.email=?
2026-02-01T17:02:18.717+03:00 DEBUG 19772 --- [befa-press] [           main] org.hibernate.SQL                        : 
    insert 
    into
        users
        (affiliation, bio, created_at, created_by, deleted_at, department_id, email, expertise_field, face_descriptor, face_image, failed_login_attempts, full_name, is_email_verified, is_verified, last_login, locked_at, otp_method, password_hash, phone_number, profile_pic, role_id, status, updated_at) 
    values
        (?, ?, ?, ?, ?, ?, ?, ?, ?, ?, ?, ?, ?, ?, ?, ?, ?, ?, ?, ?, ?, ?, ?)
2026-02-01T17:02:18.750+03:00 DEBUG 19772 --- [befa-press] [           main] org.hibernate.SQL                        : 
    insert 
    into
        categories
        (created_at, description, display_order, icon, name, name_amharic, slug, status, updated_at) 
    values
        (?, ?, ?, ?, ?, ?, ?, ?, ?)
2026-02-01T17:02:18.756+03:00 DEBUG 19772 --- [befa-press] [           main] org.hibernate.SQL                        : 
    insert 
    into
        news
        (author_id, category_id, content, cover_image, created_at, deleted_at, excerpt, is_breaking, is_featured, is_trending, language, meta_description, meta_keywords, meta_title, published_at, scheduled_at, slug, status, title, title_amharic, updated_at, view_count) 
    values
        (?, ?, ?, ?, ?, ?, ?, ?, ?, ?, ?, ?, ?, ?, ?, ?, ?, ?, ?, ?, ?, ?)
2026-02-01T17:02:18.761+03:00 DEBUG 19772 --- [befa-press] [           main] org.hibernate.SQL                        : 
    insert 
    into
        opinions
        (author_id, content, cover_image, created_at, deleted_at, excerpt, is_featured, language, meta_description, meta_title, published_at, rejection_reason, scheduled_at, slug, status, title, updated_at, view_count) 
    values
        (?, ?, ?, ?, ?, ?, ?, ?, ?, ?, ?, ?, ?, ?, ?, ?, ?, ?)
2026-02-01T17:02:18.766+03:00 DEBUG 19772 --- [befa-press] [           main] o.s.security.web.FilterChainProxy        : Securing POST /api/v1/news/235/like
2026-02-01T17:02:18.767+03:00 DEBUG 19772 --- [befa-press] [           main] o.s.security.web.FilterChainProxy        : Secured POST /api/v1/news/235/like
2026-02-01T17:02:18.768+03:00 DEBUG 19772 --- [befa-press] [           main] org.hibernate.SQL                        : 
    select
        ss1_0.id,
        ss1_0.analytics_enabled,
        ss1_0.available_languages,
        ss1_0.comments_enabled,
        ss1_0.contact_address,
        ss1_0.contact_email,
        ss1_0.contact_phone,
        ss1_0.date_format,
        ss1_0.default_language,
        ss1_0.default_og_image,
        ss1_0.expiry_reminder_days,
        ss1_0.favicon_url,
        ss1_0.logo_url,
        ss1_0.maintenance_mode,
        ss1_0.meta_description,
        ss1_0.meta_description_amharic,
        ss1_0.registration_enabled,
        ss1_0.site_name,
        ss1_0.site_name_amharic,
        ss1_0.social_links,
        ss1_0.subscription_days,
        ss1_0.tagline,
        ss1_0.tagline_amharic,
        ss1_0.time_format,
        ss1_0.timezone,
        ss1_0.updated_at,
        ss1_0.updated_by 
    from
        site_settings ss1_0 
    where
        ss1_0.id=?
2026-02-01T17:02:18.774+03:00 DEBUG 19772 --- [befa-press] [           main] org.hibernate.SQL                        : 
    select
        u1_0.user_id,
        u1_0.affiliation,
        u1_0.bio,
        u1_0.created_at,
        u1_0.created_by,
        u1_0.deleted_at,
        u1_0.department_id,
        u1_0.email,
        u1_0.expertise_field,
        u1_0.face_descriptor,
        u1_0.face_image,
        u1_0.failed_login_attempts,
        u1_0.full_name,
        u1_0.is_email_verified,
        u1_0.is_verified,
        u1_0.last_login,
        u1_0.locked_at,
        u1_0.otp_method,
        u1_0.password_hash,
        u1_0.phone_number,
        u1_0.profile_pic,
        u1_0.role_id,
        u1_0.status,
        u1_0.updated_at 
    from
        users u1_0 
    where
        u1_0.email=?
2026-02-01T17:02:18.779+03:00 DEBUG 19772 --- [befa-press] [           main] org.hibernate.SQL                        : 
    select
        al1_0.id 
    from
        article_likes al1_0 
    where
        al1_0.user_id=? 
        and al1_0.news_id=? 
    limit
        ?
2026-02-01T17:02:18.781+03:00 DEBUG 19772 --- [befa-press] [           main] org.hibernate.SQL                        : 
    insert 
    into
        article_likes
        (created_at, news_id, opinion_id, user_id) 
    values
        (?, ?, ?, ?)
2026-02-01T17:02:18.788+03:00 DEBUG 19772 --- [befa-press] [           main] org.hibernate.SQL                        : 
    select
        al1_0.id 
    from
        article_likes al1_0 
    where
        al1_0.user_id=? 
        and al1_0.news_id=? 
    limit
        ?
]]></system-out>
  </testcase>
</testsuite>